#
# There is insufficient memory for the Java Runtime Environment to continue.
# Native memory allocation (mmap) failed to map 35651584 bytes. Error detail: G1 virtual space
# Possible reasons:
#   The system is out of physical RAM or swap space
#   This process is running with CompressedOops enabled, and the Java Heap may be blocking the growth of the native heap
# Possible solutions:
#   Reduce memory load on the system
#   Increase physical memory or swap space
#   Check if swap backing store is full
#   Decrease Java heap size (-Xmx/-Xms)
#   Decrease number of Java threads
#   Decrease Java thread stack sizes (-Xss)
#   Set larger code cache with -XX:ReservedCodeCacheSize=
#   JVM is running with Zero Based Compressed Oops mode in which the Java heap is
#     placed in the first 32GB address space. The Java Heap base address is the
#     maximum limit for the native heap growth. Please use -XX:HeapBaseMinAddress
#     to set the Java Heap base and to place the Java Heap above 32GB virtual address.
# This output file may be truncated or incomplete.
#
#  Out of Memory Error (os_windows.cpp:3926), pid=6212, tid=34608
#
# JRE version: OpenJDK Runtime Environment (21.0.10) (build 21.0.10+-14961533-b1163.108)
# Java VM: OpenJDK 64-Bit Server VM (21.0.10+-14961533-b1163.108, mixed mode, tiered, compressed oops, compressed class ptrs, g1 gc, windows-amd64)
# No core dump will be written. Minidumps are not enabled by default on client versions of Windows
#

---------------  S U M M A R Y ------------

Command Line: org.jetbrains.kotlin.cli.jvm.K2JVMCompiler @C:\Semestre 6\Ingenieria de proyectos\Proyecto App_Bus\uatlife-android\app\build\20260509_6795968238311624928.compiler.options

Host: AMD Ryzen 5 7530U with Radeon Graphics         , 12 cores, 14G,  Windows 11 , 64 bit Build 26100 (10.0.26100.7623)
Time: Sat May  9 23:53:53 2026 Hora estándar central (México) elapsed time: 35.082628 seconds (0d 0h 0m 35s)

---------------  T H R E A D  ---------------

Current thread (0x0000017e7f0ea2b0):  VMThread "VM Thread"          [id=34608, stack(0x000000600ea00000,0x000000600eb00000) (1024K)]

Stack: [0x000000600ea00000,0x000000600eb00000]
Native frames: (J=compiled Java code, j=interpreted, Vv=VM code, C=native code)
V  [jvm.dll+0x6d78a9]
V  [jvm.dll+0x8665b3]
V  [jvm.dll+0x868bde]
V  [jvm.dll+0x8692c3]
V  [jvm.dll+0x280ee6]
V  [jvm.dll+0x6d4165]
V  [jvm.dll+0x6c77fa]
V  [jvm.dll+0x358f4b]
V  [jvm.dll+0x360bc6]
V  [jvm.dll+0x3b2ea6]
V  [jvm.dll+0x3b3178]
V  [jvm.dll+0x32b65c]
V  [jvm.dll+0x32e066]
V  [jvm.dll+0x337f3d]
V  [jvm.dll+0x36f6a5]
V  [jvm.dll+0x86f048]
V  [jvm.dll+0x870394]
V  [jvm.dll+0x8708d0]
V  [jvm.dll+0x870b63]
V  [jvm.dll+0x80fd28]
V  [jvm.dll+0x6d60fd]
C  [ucrtbase.dll+0x37b0]
C  [KERNEL32.DLL+0x2e8d7]
C  [ntdll.dll+0x8c53c]

VM_Operation (0x000000600e5ffa90): G1PauseRemark, mode: safepoint, requested by thread 0x0000017e79f1ab20


---------------  P R O C E S S  ---------------

Threads class SMR info:
_java_thread_list=0x0000017e1a2cfed0, length=13, elements={
0x0000017e77b36b90, 0x0000017e14bb4400, 0x0000017e14bb9050, 0x0000017e14bb9ab0,
0x0000017e14bb7550, 0x0000017e14bb7fb0, 0x0000017e14c02b50, 0x0000017e14bcbc50,
0x0000017e14be2b20, 0x0000017e14be55d0, 0x0000017e14cb6430, 0x0000017e14e2c2f0,
0x0000017e2127a8e0
}

Java Threads: ( => current thread )
  0x0000017e77b36b90 JavaThread "main"                              [_thread_blocked, id=20284, stack(0x000000600e300000,0x000000600e400000) (1024K)]
  0x0000017e14bb4400 JavaThread "Common-Cleaner"             daemon [_thread_blocked, id=31468, stack(0x000000600eb00000,0x000000600ec00000) (1024K)]
  0x0000017e14bb9050 JavaThread "Reference Handler"          daemon [_thread_blocked, id=33040, stack(0x000000600ec00000,0x000000600ed00000) (1024K)]
  0x0000017e14bb9ab0 JavaThread "Finalizer"                  daemon [_thread_blocked, id=37688, stack(0x000000600ed00000,0x000000600ee00000) (1024K)]
  0x0000017e14bb7550 JavaThread "Signal Dispatcher"          daemon [_thread_blocked, id=39352, stack(0x000000600ee00000,0x000000600ef00000) (1024K)]
  0x0000017e14bb7fb0 JavaThread "Attach Listener"            daemon [_thread_blocked, id=28720, stack(0x000000600ef00000,0x000000600f000000) (1024K)]
  0x0000017e14c02b50 JavaThread "Service Thread"             daemon [_thread_blocked, id=41832, stack(0x000000600f000000,0x000000600f100000) (1024K)]
  0x0000017e14bcbc50 JavaThread "Monitor Deflation Thread"   daemon [_thread_blocked, id=27844, stack(0x000000600f100000,0x000000600f200000) (1024K)]
  0x0000017e14be2b20 JavaThread "C2 CompilerThread0"         daemon [_thread_blocked, id=16480, stack(0x000000600f200000,0x000000600f300000) (1024K)]
  0x0000017e14be55d0 JavaThread "C1 CompilerThread0"         daemon [_thread_blocked, id=23932, stack(0x000000600f300000,0x000000600f400000) (1024K)]
  0x0000017e14cb6430 JavaThread "Notification Thread"        daemon [_thread_blocked, id=39620, stack(0x000000600f400000,0x000000600f500000) (1024K)]
  0x0000017e14e2c2f0 JavaThread "C2 CompilerThread1"         daemon [_thread_blocked, id=13524, stack(0x000000600f500000,0x000000600f600000) (1024K)]
  0x0000017e2127a8e0 JavaThread "C2 CompilerThread2"         daemon [_thread_blocked, id=6360, stack(0x000000600f600000,0x000000600f700000) (1024K)]
Total: 13

Other Threads:
=>0x0000017e7f0ea2b0 VMThread "VM Thread"                           [id=34608, stack(0x000000600ea00000,0x000000600eb00000) (1024K)]
  0x0000017e7f07c2b0 WatcherThread "VM Periodic Task Thread"        [id=1288, stack(0x000000600e900000,0x000000600ea00000) (1024K)]
  0x0000017e79f0aee0 WorkerThread "GC Thread#0"                     [id=19120, stack(0x000000600e400000,0x000000600e500000) (1024K)]
  0x0000017e19597590 WorkerThread "GC Thread#1"                     [id=27692, stack(0x000000600f700000,0x000000600f800000) (1024K)]
  0x0000017e19597940 WorkerThread "GC Thread#2"                     [id=34492, stack(0x000000600f800000,0x000000600f900000) (1024K)]
  0x0000017e19597cf0 WorkerThread "GC Thread#3"                     [id=11640, stack(0x000000600f900000,0x000000600fa00000) (1024K)]
  0x0000017e195980a0 WorkerThread "GC Thread#4"                     [id=28220, stack(0x000000600fa00000,0x000000600fb00000) (1024K)]
  0x0000017e195de090 WorkerThread "GC Thread#5"                     [id=40048, stack(0x000000600fb00000,0x000000600fc00000) (1024K)]
  0x0000017e19bbdd30 WorkerThread "GC Thread#6"                     [id=12108, stack(0x000000600fc00000,0x000000600fd00000) (1024K)]
  0x0000017e19bbf550 WorkerThread "GC Thread#7"                     [id=30832, stack(0x000000600fd00000,0x000000600fe00000) (1024K)]
  0x0000017e19bc1320 WorkerThread "GC Thread#8"                     [id=9612, stack(0x0000006010000000,0x0000006010100000) (1024K)]
  0x0000017e19bbf950 WorkerThread "GC Thread#9"                     [id=7320, stack(0x0000006010100000,0x0000006010200000) (1024K)]
  0x0000017e79f1ab20 ConcurrentGCThread "G1 Main Marker"            [id=15984, stack(0x000000600e500000,0x000000600e600000) (1024K)]
  0x0000017e79f1fd50 WorkerThread "G1 Conc#0"                       [id=36732, stack(0x000000600e600000,0x000000600e700000) (1024K)]
  0x0000017e19bbfd00 WorkerThread "G1 Conc#1"                       [id=2464, stack(0x000000600fe00000,0x000000600ff00000) (1024K)]
  0x0000017e19bc00b0 WorkerThread "G1 Conc#2"                       [id=9680, stack(0x000000600ff00000,0x0000006010000000) (1024K)]
  0x0000017e7ef505e0 ConcurrentGCThread "G1 Refine#0"               [id=36876, stack(0x000000600e700000,0x000000600e800000) (1024K)]
  0x0000017e7ef50e10 ConcurrentGCThread "G1 Service"                [id=2432, stack(0x000000600e800000,0x000000600e900000) (1024K)]
Total: 18

Threads with active compile tasks:
C2 CompilerThread0  35106 25202       4       org.jetbrains.kotlin.codegen.inline.InlineScopesGeneratorKt::getLabelToIndexMap (236 bytes)
C2 CompilerThread1  35106 25200 %     4       org.jetbrains.kotlin.codegen.inline.MethodInliner::removeFakeVariablesInitializationIfPresent @ 220 (352 bytes)
C2 CompilerThread2  35106 25194       4       org.jetbrains.kotlin.codegen.inline.RemapVisitor::visitLocalVariable (56 bytes)
Total: 3

VM state: at safepoint (normal execution)

VM Mutex/Monitor currently owned by a thread:  ([mutex/lock_event])
[0x00007ffdccb586d0] Threads_lock - owner thread: 0x0000017e7f0ea2b0
[0x00007ffdccb587d0] Heap_lock - owner thread: 0x0000017e79f1ab20

Heap address: 0x0000000712c00000, size: 3796 MB, Compressed Oops mode: Zero based, Oop shift amount: 3

CDS archive(s) not mapped
Compressed class space mapped at: 0x0000000800000000-0x0000000840000000, reserved size: 1073741824
Narrow klass base: 0x0000000800000000, Narrow klass shift: 0, Narrow klass range: 0x40000000

GC Precious Log:
 CardTable entry size: 512
 Card Set container configuration: InlinePtr #cards 4 size 8 Array Of Cards #cards 16 size 48 Howl #buckets 8 coarsen threshold 3686 Howl Bitmap #cards 512 size 80 coarsen threshold 460 Card regions per heap region 1 cards per card region 4096
 CPUs: 12 total, 12 available
 Memory: 15182M
 Large Page Support: Disabled
 NUMA Support: Disabled
 Compressed Oops: Enabled (Zero based)
 Heap Region Size: 2M
 Heap Min Capacity: 8M
 Heap Initial Capacity: 238M
 Heap Max Capacity: 3796M
 Pre-touch: Disabled
 Parallel Workers: 10
 Concurrent Workers: 3
 Concurrent Refinement Workers: 10
 Periodic GC: Disabled

Heap:
 garbage-first heap   total 464896K, used 315317K [0x0000000712c00000, 0x0000000800000000)
  region size 2048K, 19 young (38912K), 9 survivors (18432K)
 Metaspace       used 99748K, committed 100160K, reserved 1179648K
  class space    used 10179K, committed 10368K, reserved 1048576K

Heap Regions: E=young(eden), S=young(survivor), O=old, HS=humongous(starts), HC=humongous(continues), CS=collection set, F=free, TAMS=top-at-mark-start, PB=parsable bottom
|   0|0x0000000712c00000, 0x0000000712e00000, 0x0000000712e00000|100%|HS|  |TAMS 0x0000000712e00000| PB 0x0000000712c00000| Complete 
|   1|0x0000000712e00000, 0x0000000713000000, 0x0000000713000000|100%|HC|  |TAMS 0x0000000713000000| PB 0x0000000712e00000| Complete 
|   2|0x0000000713000000, 0x0000000713200000, 0x0000000713200000|100%| O|  |TAMS 0x0000000713200000| PB 0x0000000713200000| Untracked 
|   3|0x0000000713200000, 0x0000000713400000, 0x0000000713400000|100%| O|  |TAMS 0x0000000713400000| PB 0x0000000713400000| Untracked 
|   4|0x0000000713400000, 0x0000000713600000, 0x0000000713600000|100%| O|  |TAMS 0x0000000713600000| PB 0x0000000713600000| Untracked 
|   5|0x0000000713600000, 0x0000000713800000, 0x0000000713800000|100%| O|  |TAMS 0x0000000713800000| PB 0x0000000713800000| Untracked 
|   6|0x0000000713800000, 0x0000000713a00000, 0x0000000713a00000|100%| O|  |TAMS 0x0000000713a00000| PB 0x0000000713a00000| Untracked 
|   7|0x0000000713a00000, 0x0000000713c00000, 0x0000000713c00000|100%| O|  |TAMS 0x0000000713c00000| PB 0x0000000713c00000| Untracked 
|   8|0x0000000713c00000, 0x0000000713e00000, 0x0000000713e00000|100%| O|  |TAMS 0x0000000713e00000| PB 0x0000000713e00000| Untracked 
|   9|0x0000000713e00000, 0x0000000714000000, 0x0000000714000000|100%| O|  |TAMS 0x0000000714000000| PB 0x0000000714000000| Untracked 
|  10|0x0000000714000000, 0x0000000714200000, 0x0000000714200000|100%| O|  |TAMS 0x0000000714200000| PB 0x0000000714200000| Untracked 
|  11|0x0000000714200000, 0x0000000714400000, 0x0000000714400000|100%| O|  |TAMS 0x0000000714400000| PB 0x0000000714400000| Untracked 
|  12|0x0000000714400000, 0x0000000714600000, 0x0000000714600000|100%| O|  |TAMS 0x0000000714600000| PB 0x0000000714600000| Untracked 
|  13|0x0000000714600000, 0x0000000714800000, 0x0000000714800000|100%| O|  |TAMS 0x0000000714800000| PB 0x0000000714800000| Untracked 
|  14|0x0000000714800000, 0x0000000714a00000, 0x0000000714a00000|100%| O|  |TAMS 0x0000000714a00000| PB 0x0000000714a00000| Untracked 
|  15|0x0000000714a00000, 0x0000000714c00000, 0x0000000714c00000|100%| O|  |TAMS 0x0000000714c00000| PB 0x0000000714c00000| Updating 
|  16|0x0000000714c00000, 0x0000000714e00000, 0x0000000714e00000|100%| O|  |TAMS 0x0000000714e00000| PB 0x0000000714e00000| Untracked 
|  17|0x0000000714e00000, 0x0000000715000000, 0x0000000715000000|100%| O|  |TAMS 0x0000000715000000| PB 0x0000000715000000| Untracked 
|  18|0x0000000715000000, 0x0000000715200000, 0x0000000715200000|100%| O|  |TAMS 0x0000000715200000| PB 0x0000000715200000| Updating 
|  19|0x0000000715200000, 0x0000000715400000, 0x0000000715400000|100%| O|  |TAMS 0x0000000715400000| PB 0x0000000715400000| Untracked 
|  20|0x0000000715400000, 0x0000000715600000, 0x0000000715600000|100%| O|  |TAMS 0x0000000715600000| PB 0x0000000715600000| Updating 
|  21|0x0000000715600000, 0x0000000715800000, 0x0000000715800000|100%| O|  |TAMS 0x0000000715800000| PB 0x0000000715800000| Untracked 
|  22|0x0000000715800000, 0x0000000715a00000, 0x0000000715a00000|100%| O|  |TAMS 0x0000000715a00000| PB 0x0000000715a00000| Untracked 
|  23|0x0000000715a00000, 0x0000000715c00000, 0x0000000715c00000|100%| O|  |TAMS 0x0000000715c00000| PB 0x0000000715c00000| Untracked 
|  24|0x0000000715c00000, 0x0000000715e00000, 0x0000000715e00000|100%| O|  |TAMS 0x0000000715e00000| PB 0x0000000715e00000| Untracked 
|  25|0x0000000715e00000, 0x0000000716000000, 0x0000000716000000|100%| O|  |TAMS 0x0000000716000000| PB 0x0000000716000000| Untracked 
|  26|0x0000000716000000, 0x0000000716200000, 0x0000000716200000|100%| O|  |TAMS 0x0000000716200000| PB 0x0000000716200000| Untracked 
|  27|0x0000000716200000, 0x0000000716400000, 0x0000000716400000|100%| O|  |TAMS 0x0000000716400000| PB 0x0000000716400000| Untracked 
|  28|0x0000000716400000, 0x0000000716600000, 0x0000000716600000|100%| O|  |TAMS 0x0000000716600000| PB 0x0000000716600000| Untracked 
|  29|0x0000000716600000, 0x0000000716800000, 0x0000000716800000|100%| O|  |TAMS 0x0000000716800000| PB 0x0000000716800000| Untracked 
|  30|0x0000000716800000, 0x0000000716a00000, 0x0000000716a00000|100%| O|  |TAMS 0x0000000716a00000| PB 0x0000000716a00000| Untracked 
|  31|0x0000000716a00000, 0x0000000716c00000, 0x0000000716c00000|100%| O|  |TAMS 0x0000000716c00000| PB 0x0000000716c00000| Untracked 
|  32|0x0000000716c00000, 0x0000000716e00000, 0x0000000716e00000|100%| O|  |TAMS 0x0000000716e00000| PB 0x0000000716e00000| Untracked 
|  33|0x0000000716e00000, 0x0000000717000000, 0x0000000717000000|100%| O|  |TAMS 0x0000000717000000| PB 0x0000000717000000| Untracked 
|  34|0x0000000717000000, 0x0000000717200000, 0x0000000717200000|100%| O|  |TAMS 0x0000000717200000| PB 0x0000000717200000| Untracked 
|  35|0x0000000717200000, 0x0000000717400000, 0x0000000717400000|100%| O|  |TAMS 0x0000000717400000| PB 0x0000000717400000| Untracked 
|  36|0x0000000717400000, 0x0000000717600000, 0x0000000717600000|100%| O|  |TAMS 0x0000000717600000| PB 0x0000000717600000| Untracked 
|  37|0x0000000717600000, 0x0000000717800000, 0x0000000717800000|100%| O|  |TAMS 0x0000000717800000| PB 0x0000000717800000| Untracked 
|  38|0x0000000717800000, 0x0000000717a00000, 0x0000000717a00000|100%| O|  |TAMS 0x0000000717a00000| PB 0x0000000717a00000| Untracked 
|  39|0x0000000717a00000, 0x0000000717c00000, 0x0000000717c00000|100%| O|  |TAMS 0x0000000717c00000| PB 0x0000000717c00000| Untracked 
|  40|0x0000000717c00000, 0x0000000717e00000, 0x0000000717e00000|100%| O|  |TAMS 0x0000000717e00000| PB 0x0000000717e00000| Untracked 
|  41|0x0000000717e00000, 0x0000000718000000, 0x0000000718000000|100%| O|  |TAMS 0x0000000718000000| PB 0x0000000718000000| Untracked 
|  42|0x0000000718000000, 0x0000000718200000, 0x0000000718200000|100%| O|  |TAMS 0x0000000718200000| PB 0x0000000718200000| Untracked 
|  43|0x0000000718200000, 0x0000000718400000, 0x0000000718400000|100%| O|  |TAMS 0x0000000718400000| PB 0x0000000718400000| Untracked 
|  44|0x0000000718400000, 0x0000000718600000, 0x0000000718600000|100%| O|  |TAMS 0x0000000718600000| PB 0x0000000718600000| Untracked 
|  45|0x0000000718600000, 0x0000000718800000, 0x0000000718800000|100%| O|  |TAMS 0x0000000718800000| PB 0x0000000718800000| Untracked 
|  46|0x0000000718800000, 0x0000000718a00000, 0x0000000718a00000|100%| O|  |TAMS 0x0000000718a00000| PB 0x0000000718a00000| Updating 
|  47|0x0000000718a00000, 0x0000000718c00000, 0x0000000718c00000|100%| O|  |TAMS 0x0000000718c00000| PB 0x0000000718c00000| Untracked 
|  48|0x0000000718c00000, 0x0000000718e00000, 0x0000000718e00000|100%| O|  |TAMS 0x0000000718e00000| PB 0x0000000718e00000| Untracked 
|  49|0x0000000718e00000, 0x0000000719000000, 0x0000000719000000|100%| O|  |TAMS 0x0000000719000000| PB 0x0000000719000000| Untracked 
|  50|0x0000000719000000, 0x0000000719200000, 0x0000000719200000|100%| O|  |TAMS 0x0000000719200000| PB 0x0000000719200000| Untracked 
|  51|0x0000000719200000, 0x0000000719400000, 0x0000000719400000|100%| O|  |TAMS 0x0000000719400000| PB 0x0000000719400000| Untracked 
|  52|0x0000000719400000, 0x0000000719600000, 0x0000000719600000|100%| O|  |TAMS 0x0000000719600000| PB 0x0000000719600000| Untracked 
|  53|0x0000000719600000, 0x0000000719800000, 0x0000000719800000|100%| O|  |TAMS 0x0000000719800000| PB 0x0000000719800000| Untracked 
|  54|0x0000000719800000, 0x0000000719a00000, 0x0000000719a00000|100%| O|  |TAMS 0x0000000719a00000| PB 0x0000000719a00000| Untracked 
|  55|0x0000000719a00000, 0x0000000719c00000, 0x0000000719c00000|100%| O|  |TAMS 0x0000000719c00000| PB 0x0000000719c00000| Untracked 
|  56|0x0000000719c00000, 0x0000000719e00000, 0x0000000719e00000|100%| O|  |TAMS 0x0000000719e00000| PB 0x0000000719e00000| Untracked 
|  57|0x0000000719e00000, 0x000000071a000000, 0x000000071a000000|100%| O|  |TAMS 0x000000071a000000| PB 0x000000071a000000| Untracked 
|  58|0x000000071a000000, 0x000000071a200000, 0x000000071a200000|100%| O|  |TAMS 0x000000071a200000| PB 0x000000071a200000| Untracked 
|  59|0x000000071a200000, 0x000000071a400000, 0x000000071a400000|100%| O|  |TAMS 0x000000071a400000| PB 0x000000071a400000| Untracked 
|  60|0x000000071a400000, 0x000000071a600000, 0x000000071a600000|100%| O|  |TAMS 0x000000071a600000| PB 0x000000071a600000| Untracked 
|  61|0x000000071a600000, 0x000000071a800000, 0x000000071a800000|100%| O|  |TAMS 0x000000071a800000| PB 0x000000071a800000| Untracked 
|  62|0x000000071a800000, 0x000000071aa00000, 0x000000071aa00000|100%| O|  |TAMS 0x000000071aa00000| PB 0x000000071aa00000| Untracked 
|  63|0x000000071aa00000, 0x000000071ac00000, 0x000000071ac00000|100%| O|  |TAMS 0x000000071ac00000| PB 0x000000071ac00000| Untracked 
|  64|0x000000071ac00000, 0x000000071ae00000, 0x000000071ae00000|100%| O|  |TAMS 0x000000071ae00000| PB 0x000000071ae00000| Updating 
|  65|0x000000071ae00000, 0x000000071b000000, 0x000000071b000000|100%| O|  |TAMS 0x000000071b000000| PB 0x000000071b000000| Untracked 
|  66|0x000000071b000000, 0x000000071b200000, 0x000000071b200000|100%| O|  |TAMS 0x000000071b200000| PB 0x000000071b200000| Untracked 
|  67|0x000000071b200000, 0x000000071b400000, 0x000000071b400000|100%| O|  |TAMS 0x000000071b400000| PB 0x000000071b400000| Untracked 
|  68|0x000000071b400000, 0x000000071b600000, 0x000000071b600000|100%| O|  |TAMS 0x000000071b600000| PB 0x000000071b600000| Untracked 
|  69|0x000000071b600000, 0x000000071b800000, 0x000000071b800000|100%| O|  |TAMS 0x000000071b800000| PB 0x000000071b800000| Untracked 
|  70|0x000000071b800000, 0x000000071ba00000, 0x000000071ba00000|100%| O|  |TAMS 0x000000071ba00000| PB 0x000000071ba00000| Updating 
|  71|0x000000071ba00000, 0x000000071bc00000, 0x000000071bc00000|100%| O|  |TAMS 0x000000071bc00000| PB 0x000000071bc00000| Untracked 
|  72|0x000000071bc00000, 0x000000071be00000, 0x000000071be00000|100%| O|  |TAMS 0x000000071be00000| PB 0x000000071be00000| Untracked 
|  73|0x000000071be00000, 0x000000071c000000, 0x000000071c000000|100%| O|  |TAMS 0x000000071c000000| PB 0x000000071c000000| Updating 
|  74|0x000000071c000000, 0x000000071c200000, 0x000000071c200000|100%| O|  |TAMS 0x000000071c200000| PB 0x000000071c200000| Untracked 
|  75|0x000000071c200000, 0x000000071c400000, 0x000000071c400000|100%| O|  |TAMS 0x000000071c400000| PB 0x000000071c400000| Untracked 
|  76|0x000000071c400000, 0x000000071c600000, 0x000000071c600000|100%| O|  |TAMS 0x000000071c600000| PB 0x000000071c600000| Untracked 
|  77|0x000000071c600000, 0x000000071c800000, 0x000000071c800000|100%| O|  |TAMS 0x000000071c800000| PB 0x000000071c800000| Updating 
|  78|0x000000071c800000, 0x000000071ca00000, 0x000000071ca00000|100%| O|  |TAMS 0x000000071ca00000| PB 0x000000071ca00000| Untracked 
|  79|0x000000071ca00000, 0x000000071cc00000, 0x000000071cc00000|100%| O|  |TAMS 0x000000071cc00000| PB 0x000000071cc00000| Untracked 
|  80|0x000000071cc00000, 0x000000071ce00000, 0x000000071ce00000|100%| O|  |TAMS 0x000000071ce00000| PB 0x000000071ce00000| Untracked 
|  81|0x000000071ce00000, 0x000000071d000000, 0x000000071d000000|100%| O|  |TAMS 0x000000071d000000| PB 0x000000071d000000| Untracked 
|  82|0x000000071d000000, 0x000000071d200000, 0x000000071d200000|100%| O|  |TAMS 0x000000071d200000| PB 0x000000071d200000| Untracked 
|  83|0x000000071d200000, 0x000000071d400000, 0x000000071d400000|100%| O|  |TAMS 0x000000071d400000| PB 0x000000071d400000| Untracked 
|  84|0x000000071d400000, 0x000000071d600000, 0x000000071d600000|100%| O|  |TAMS 0x000000071d600000| PB 0x000000071d600000| Untracked 
|  85|0x000000071d600000, 0x000000071d800000, 0x000000071d800000|100%| O|  |TAMS 0x000000071d800000| PB 0x000000071d800000| Updating 
|  86|0x000000071d800000, 0x000000071da00000, 0x000000071da00000|100%| O|  |TAMS 0x000000071da00000| PB 0x000000071da00000| Updating 
|  87|0x000000071da00000, 0x000000071dc00000, 0x000000071dc00000|100%| O|  |TAMS 0x000000071dc00000| PB 0x000000071dc00000| Updating 
|  88|0x000000071dc00000, 0x000000071de00000, 0x000000071de00000|100%| O|  |TAMS 0x000000071de00000| PB 0x000000071de00000| Untracked 
|  89|0x000000071de00000, 0x000000071e000000, 0x000000071e000000|100%| O|  |TAMS 0x000000071e000000| PB 0x000000071e000000| Untracked 
|  90|0x000000071e000000, 0x000000071e200000, 0x000000071e200000|100%| O|  |TAMS 0x000000071e200000| PB 0x000000071e200000| Untracked 
|  91|0x000000071e200000, 0x000000071e400000, 0x000000071e400000|100%| O|  |TAMS 0x000000071e400000| PB 0x000000071e400000| Untracked 
|  92|0x000000071e400000, 0x000000071e600000, 0x000000071e600000|100%| O|  |TAMS 0x000000071e600000| PB 0x000000071e600000| Updating 
|  93|0x000000071e600000, 0x000000071e800000, 0x000000071e800000|100%| O|  |TAMS 0x000000071e800000| PB 0x000000071e800000| Untracked 
|  94|0x000000071e800000, 0x000000071ea00000, 0x000000071ea00000|100%| O|  |TAMS 0x000000071ea00000| PB 0x000000071ea00000| Untracked 
|  95|0x000000071ea00000, 0x000000071ec00000, 0x000000071ec00000|100%| O|  |TAMS 0x000000071ec00000| PB 0x000000071ec00000| Untracked 
|  96|0x000000071ec00000, 0x000000071ee00000, 0x000000071ee00000|100%| O|  |TAMS 0x000000071ee00000| PB 0x000000071ee00000| Untracked 
|  97|0x000000071ee00000, 0x000000071f000000, 0x000000071f000000|100%| O|  |TAMS 0x000000071f000000| PB 0x000000071f000000| Untracked 
|  98|0x000000071f000000, 0x000000071f200000, 0x000000071f200000|100%| O|  |TAMS 0x000000071f200000| PB 0x000000071f200000| Untracked 
|  99|0x000000071f200000, 0x000000071f400000, 0x000000071f400000|100%| O|  |TAMS 0x000000071f400000| PB 0x000000071f400000| Untracked 
| 100|0x000000071f400000, 0x000000071f600000, 0x000000071f600000|100%| O|  |TAMS 0x000000071f600000| PB 0x000000071f600000| Updating 
| 101|0x000000071f600000, 0x000000071f800000, 0x000000071f800000|100%| O|  |TAMS 0x000000071f800000| PB 0x000000071f800000| Untracked 
| 102|0x000000071f800000, 0x000000071fa00000, 0x000000071fa00000|100%| O|  |TAMS 0x000000071fa00000| PB 0x000000071fa00000| Untracked 
| 103|0x000000071fa00000, 0x000000071fc00000, 0x000000071fc00000|100%| O|  |TAMS 0x000000071fc00000| PB 0x000000071fc00000| Untracked 
| 104|0x000000071fc00000, 0x000000071fe00000, 0x000000071fe00000|100%| O|  |TAMS 0x000000071fe00000| PB 0x000000071fe00000| Untracked 
| 105|0x000000071fe00000, 0x0000000720000000, 0x0000000720000000|100%| O|  |TAMS 0x0000000720000000| PB 0x0000000720000000| Untracked 
| 106|0x0000000720000000, 0x0000000720200000, 0x0000000720200000|100%| O|  |TAMS 0x0000000720200000| PB 0x0000000720200000| Untracked 
| 107|0x0000000720200000, 0x0000000720400000, 0x0000000720400000|100%| O|  |TAMS 0x0000000720400000| PB 0x0000000720400000| Untracked 
| 108|0x0000000720400000, 0x0000000720600000, 0x0000000720600000|100%| O|  |TAMS 0x0000000720600000| PB 0x0000000720600000| Untracked 
| 109|0x0000000720600000, 0x0000000720800000, 0x0000000720800000|100%| O|  |TAMS 0x0000000720800000| PB 0x0000000720800000| Updating 
| 110|0x0000000720800000, 0x0000000720a00000, 0x0000000720a00000|100%| O|  |TAMS 0x0000000720a00000| PB 0x0000000720a00000| Updating 
| 111|0x0000000720a00000, 0x0000000720c00000, 0x0000000720c00000|100%| O|  |TAMS 0x0000000720c00000| PB 0x0000000720c00000| Untracked 
| 112|0x0000000720c00000, 0x0000000720e00000, 0x0000000720e00000|100%| O|  |TAMS 0x0000000720e00000| PB 0x0000000720e00000| Untracked 
| 113|0x0000000720e00000, 0x0000000721000000, 0x0000000721000000|100%| O|  |TAMS 0x0000000721000000| PB 0x0000000721000000| Untracked 
| 114|0x0000000721000000, 0x0000000721200000, 0x0000000721200000|100%| O|  |TAMS 0x0000000721200000| PB 0x0000000721200000| Untracked 
| 115|0x0000000721200000, 0x0000000721400000, 0x0000000721400000|100%| O|  |TAMS 0x0000000721400000| PB 0x0000000721400000| Untracked 
| 116|0x0000000721400000, 0x0000000721600000, 0x0000000721600000|100%| O|  |TAMS 0x0000000721600000| PB 0x0000000721600000| Untracked 
| 117|0x0000000721600000, 0x0000000721800000, 0x0000000721800000|100%| O|  |TAMS 0x0000000721800000| PB 0x0000000721800000| Updating 
| 118|0x0000000721800000, 0x0000000721a00000, 0x0000000721a00000|100%| O|  |TAMS 0x0000000721800000| PB 0x0000000721800000| Untracked 
| 119|0x0000000721a00000, 0x0000000721c00000, 0x0000000721c00000|100%| O|  |TAMS 0x0000000721a00000| PB 0x0000000721a00000| Untracked 
| 120|0x0000000721c00000, 0x0000000721e00000, 0x0000000721e00000|100%| O|  |TAMS 0x0000000721e00000| PB 0x0000000721e00000| Untracked 
| 121|0x0000000721e00000, 0x0000000722000000, 0x0000000722000000|100%| O|  |TAMS 0x0000000722000000| PB 0x0000000722000000| Updating 
| 122|0x0000000722000000, 0x0000000722200000, 0x0000000722200000|100%| O|  |TAMS 0x0000000722200000| PB 0x0000000722200000| Updating 
| 123|0x0000000722200000, 0x00000007222baa90, 0x0000000722400000| 36%| O|  |TAMS 0x0000000722200000| PB 0x0000000722200000| Updating 
| 124|0x0000000722400000, 0x0000000722600000, 0x0000000722600000|100%| O|  |TAMS 0x0000000722600000| PB 0x0000000722600000| Updating 
| 125|0x0000000722600000, 0x0000000722800000, 0x0000000722800000|100%| O|  |TAMS 0x0000000722800000| PB 0x0000000722800000| Untracked 
| 126|0x0000000722800000, 0x0000000722a00000, 0x0000000722a00000|100%| O|  |TAMS 0x0000000722a00000| PB 0x0000000722a00000| Untracked 
| 127|0x0000000722a00000, 0x0000000722c00000, 0x0000000722c00000|100%| O|  |TAMS 0x0000000722c00000| PB 0x0000000722c00000| Updating 
| 128|0x0000000722c00000, 0x0000000722e00000, 0x0000000722e00000|100%| O|  |TAMS 0x0000000722e00000| PB 0x0000000722e00000| Updating 
| 129|0x0000000722e00000, 0x0000000723000000, 0x0000000723000000|100%| O|  |TAMS 0x0000000723000000| PB 0x0000000723000000| Updating 
| 130|0x0000000723000000, 0x0000000723200000, 0x0000000723200000|100%| O|  |TAMS 0x0000000723200000| PB 0x0000000723200000| Untracked 
| 131|0x0000000723200000, 0x0000000723400000, 0x0000000723400000|100%| O|  |TAMS 0x0000000723400000| PB 0x0000000723400000| Untracked 
| 132|0x0000000723400000, 0x0000000723600000, 0x0000000723600000|100%| O|  |TAMS 0x0000000723600000| PB 0x0000000723600000| Untracked 
| 133|0x0000000723600000, 0x0000000723800000, 0x0000000723800000|100%| O|  |TAMS 0x0000000723800000| PB 0x0000000723800000| Updating 
| 134|0x0000000723800000, 0x0000000723a00000, 0x0000000723a00000|100%| O|  |TAMS 0x0000000723a00000| PB 0x0000000723a00000| Updating 
| 135|0x0000000723a00000, 0x0000000723c00000, 0x0000000723c00000|100%| O|  |TAMS 0x0000000723c00000| PB 0x0000000723c00000| Updating 
| 136|0x0000000723c00000, 0x0000000723e00000, 0x0000000723e00000|100%| O|  |TAMS 0x0000000723c55010| PB 0x0000000723c55010| Untracked 
| 137|0x0000000723e00000, 0x0000000723e00000, 0x0000000724000000|  0%| F|  |TAMS 0x0000000723e00000| PB 0x0000000723e00000| Untracked 
| 138|0x0000000724000000, 0x0000000724000000, 0x0000000724200000|  0%| F|  |TAMS 0x0000000724000000| PB 0x0000000724000000| Untracked 
| 139|0x0000000724200000, 0x0000000724200000, 0x0000000724400000|  0%| F|  |TAMS 0x0000000724200000| PB 0x0000000724200000| Untracked 
| 140|0x0000000724400000, 0x0000000724400000, 0x0000000724600000|  0%| F|  |TAMS 0x0000000724400000| PB 0x0000000724400000| Untracked 
| 141|0x0000000724600000, 0x0000000724600000, 0x0000000724800000|  0%| F|  |TAMS 0x0000000724600000| PB 0x0000000724600000| Untracked 
| 142|0x0000000724800000, 0x0000000724800000, 0x0000000724a00000|  0%| F|  |TAMS 0x0000000724800000| PB 0x0000000724800000| Untracked 
| 143|0x0000000724a00000, 0x0000000724a00000, 0x0000000724c00000|  0%| F|  |TAMS 0x0000000724a00000| PB 0x0000000724a00000| Untracked 
| 144|0x0000000724c00000, 0x0000000724d32ae0, 0x0000000724e00000| 59%| S|CS|TAMS 0x0000000724c00000| PB 0x0000000724c00000| Complete 
| 145|0x0000000724e00000, 0x0000000725000000, 0x0000000725000000|100%| S|CS|TAMS 0x0000000724e00000| PB 0x0000000724e00000| Complete 
| 146|0x0000000725000000, 0x0000000725000000, 0x0000000725200000|  0%| F|  |TAMS 0x0000000725000000| PB 0x0000000725000000| Untracked 
| 147|0x0000000725200000, 0x0000000725200000, 0x0000000725400000|  0%| F|  |TAMS 0x0000000725200000| PB 0x0000000725200000| Untracked 
| 148|0x0000000725400000, 0x0000000725400000, 0x0000000725600000|  0%| F|  |TAMS 0x0000000725400000| PB 0x0000000725400000| Untracked 
| 149|0x0000000725600000, 0x0000000725600000, 0x0000000725800000|  0%| F|  |TAMS 0x0000000725600000| PB 0x0000000725600000| Untracked 
| 150|0x0000000725800000, 0x0000000725800000, 0x0000000725a00000|  0%| F|  |TAMS 0x0000000725800000| PB 0x0000000725800000| Untracked 
| 151|0x0000000725a00000, 0x0000000725a00000, 0x0000000725c00000|  0%| F|  |TAMS 0x0000000725a00000| PB 0x0000000725a00000| Untracked 
| 152|0x0000000725c00000, 0x0000000725c00000, 0x0000000725e00000|  0%| F|  |TAMS 0x0000000725c00000| PB 0x0000000725c00000| Untracked 
| 153|0x0000000725e00000, 0x0000000725e00000, 0x0000000726000000|  0%| F|  |TAMS 0x0000000725e00000| PB 0x0000000725e00000| Untracked 
| 154|0x0000000726000000, 0x0000000726200000, 0x0000000726200000|100%| S|CS|TAMS 0x0000000726000000| PB 0x0000000726000000| Complete 
| 155|0x0000000726200000, 0x0000000726400000, 0x0000000726400000|100%| S|CS|TAMS 0x0000000726200000| PB 0x0000000726200000| Complete 
| 156|0x0000000726400000, 0x0000000726600000, 0x0000000726600000|100%| S|CS|TAMS 0x0000000726400000| PB 0x0000000726400000| Complete 
| 157|0x0000000726600000, 0x0000000726800000, 0x0000000726800000|100%| S|CS|TAMS 0x0000000726600000| PB 0x0000000726600000| Complete 
| 158|0x0000000726800000, 0x0000000726a00000, 0x0000000726a00000|100%| S|CS|TAMS 0x0000000726800000| PB 0x0000000726800000| Complete 
| 159|0x0000000726a00000, 0x0000000726c00000, 0x0000000726c00000|100%| S|CS|TAMS 0x0000000726a00000| PB 0x0000000726a00000| Complete 
| 160|0x0000000726c00000, 0x0000000726e00000, 0x0000000726e00000|100%| S|CS|TAMS 0x0000000726c00000| PB 0x0000000726c00000| Complete 
| 161|0x0000000726e00000, 0x0000000726e00000, 0x0000000727000000|  0%| F|  |TAMS 0x0000000726e00000| PB 0x0000000726e00000| Untracked 
| 162|0x0000000727000000, 0x0000000727000000, 0x0000000727200000|  0%| F|  |TAMS 0x0000000727000000| PB 0x0000000727000000| Untracked 
| 163|0x0000000727200000, 0x0000000727200000, 0x0000000727400000|  0%| F|  |TAMS 0x0000000727200000| PB 0x0000000727200000| Untracked 
| 164|0x0000000727400000, 0x0000000727400000, 0x0000000727600000|  0%| F|  |TAMS 0x0000000727400000| PB 0x0000000727400000| Untracked 
| 165|0x0000000727600000, 0x0000000727600000, 0x0000000727800000|  0%| F|  |TAMS 0x0000000727600000| PB 0x0000000727600000| Untracked 
| 166|0x0000000727800000, 0x0000000727800000, 0x0000000727a00000|  0%| F|  |TAMS 0x0000000727800000| PB 0x0000000727800000| Untracked 
| 167|0x0000000727a00000, 0x0000000727a00000, 0x0000000727c00000|  0%| F|  |TAMS 0x0000000727a00000| PB 0x0000000727a00000| Untracked 
| 168|0x0000000727c00000, 0x0000000727c00000, 0x0000000727e00000|  0%| F|  |TAMS 0x0000000727c00000| PB 0x0000000727c00000| Untracked 
| 169|0x0000000727e00000, 0x0000000727e00000, 0x0000000728000000|  0%| F|  |TAMS 0x0000000727e00000| PB 0x0000000727e00000| Untracked 
| 170|0x0000000728000000, 0x0000000728000000, 0x0000000728200000|  0%| F|  |TAMS 0x0000000728000000| PB 0x0000000728000000| Untracked 
| 171|0x0000000728200000, 0x0000000728200000, 0x0000000728400000|  0%| F|  |TAMS 0x0000000728200000| PB 0x0000000728200000| Untracked 
| 172|0x0000000728400000, 0x0000000728400000, 0x0000000728600000|  0%| F|  |TAMS 0x0000000728400000| PB 0x0000000728400000| Untracked 
| 173|0x0000000728600000, 0x0000000728600000, 0x0000000728800000|  0%| F|  |TAMS 0x0000000728600000| PB 0x0000000728600000| Untracked 
| 174|0x0000000728800000, 0x0000000728800000, 0x0000000728a00000|  0%| F|  |TAMS 0x0000000728800000| PB 0x0000000728800000| Untracked 
| 175|0x0000000728a00000, 0x0000000728a00000, 0x0000000728c00000|  0%| F|  |TAMS 0x0000000728a00000| PB 0x0000000728a00000| Untracked 
| 176|0x0000000728c00000, 0x0000000728c00000, 0x0000000728e00000|  0%| F|  |TAMS 0x0000000728c00000| PB 0x0000000728c00000| Untracked 
| 177|0x0000000728e00000, 0x0000000728e00000, 0x0000000729000000|  0%| F|  |TAMS 0x0000000728e00000| PB 0x0000000728e00000| Untracked 
| 178|0x0000000729000000, 0x0000000729000000, 0x0000000729200000|  0%| F|  |TAMS 0x0000000729000000| PB 0x0000000729000000| Untracked 
| 179|0x0000000729200000, 0x0000000729200000, 0x0000000729400000|  0%| F|  |TAMS 0x0000000729200000| PB 0x0000000729200000| Untracked 
| 180|0x0000000729400000, 0x0000000729400000, 0x0000000729600000|  0%| F|  |TAMS 0x0000000729400000| PB 0x0000000729400000| Untracked 
| 181|0x0000000729600000, 0x0000000729600000, 0x0000000729800000|  0%| F|  |TAMS 0x0000000729600000| PB 0x0000000729600000| Untracked 
| 182|0x0000000729800000, 0x0000000729800000, 0x0000000729a00000|  0%| F|  |TAMS 0x0000000729800000| PB 0x0000000729800000| Untracked 
| 183|0x0000000729a00000, 0x0000000729a00000, 0x0000000729c00000|  0%| F|  |TAMS 0x0000000729a00000| PB 0x0000000729a00000| Untracked 
| 184|0x0000000729c00000, 0x0000000729c00000, 0x0000000729e00000|  0%| F|  |TAMS 0x0000000729c00000| PB 0x0000000729c00000| Untracked 
| 185|0x0000000729e00000, 0x0000000729e00000, 0x000000072a000000|  0%| F|  |TAMS 0x0000000729e00000| PB 0x0000000729e00000| Untracked 
| 186|0x000000072a000000, 0x000000072a000000, 0x000000072a200000|  0%| F|  |TAMS 0x000000072a000000| PB 0x000000072a000000| Untracked 
| 187|0x000000072a200000, 0x000000072a200000, 0x000000072a400000|  0%| F|  |TAMS 0x000000072a200000| PB 0x000000072a200000| Untracked 
| 188|0x000000072a400000, 0x000000072a400000, 0x000000072a600000|  0%| F|  |TAMS 0x000000072a400000| PB 0x000000072a400000| Untracked 
| 189|0x000000072a600000, 0x000000072a600000, 0x000000072a800000|  0%| F|  |TAMS 0x000000072a600000| PB 0x000000072a600000| Untracked 
| 190|0x000000072a800000, 0x000000072a800000, 0x000000072aa00000|  0%| F|  |TAMS 0x000000072a800000| PB 0x000000072a800000| Untracked 
| 191|0x000000072aa00000, 0x000000072aa00000, 0x000000072ac00000|  0%| F|  |TAMS 0x000000072aa00000| PB 0x000000072aa00000| Untracked 
| 192|0x000000072ac00000, 0x000000072ac00000, 0x000000072ae00000|  0%| F|  |TAMS 0x000000072ac00000| PB 0x000000072ac00000| Untracked 
| 193|0x000000072ae00000, 0x000000072ae00000, 0x000000072b000000|  0%| F|  |TAMS 0x000000072ae00000| PB 0x000000072ae00000| Untracked 
| 194|0x000000072b000000, 0x000000072b000000, 0x000000072b200000|  0%| F|  |TAMS 0x000000072b000000| PB 0x000000072b000000| Untracked 
| 195|0x000000072b200000, 0x000000072b200000, 0x000000072b400000|  0%| F|  |TAMS 0x000000072b200000| PB 0x000000072b200000| Untracked 
| 196|0x000000072b400000, 0x000000072b400000, 0x000000072b600000|  0%| F|  |TAMS 0x000000072b400000| PB 0x000000072b400000| Untracked 
| 197|0x000000072b600000, 0x000000072b600000, 0x000000072b800000|  0%| F|  |TAMS 0x000000072b600000| PB 0x000000072b600000| Untracked 
| 198|0x000000072b800000, 0x000000072b800000, 0x000000072ba00000|  0%| F|  |TAMS 0x000000072b800000| PB 0x000000072b800000| Untracked 
| 199|0x000000072ba00000, 0x000000072ba00000, 0x000000072bc00000|  0%| F|  |TAMS 0x000000072ba00000| PB 0x000000072ba00000| Untracked 
| 200|0x000000072bc00000, 0x000000072bc00000, 0x000000072be00000|  0%| F|  |TAMS 0x000000072bc00000| PB 0x000000072bc00000| Untracked 
| 201|0x000000072be00000, 0x000000072be00000, 0x000000072c000000|  0%| F|  |TAMS 0x000000072be00000| PB 0x000000072be00000| Untracked 
| 202|0x000000072c000000, 0x000000072c000000, 0x000000072c200000|  0%| F|  |TAMS 0x000000072c000000| PB 0x000000072c000000| Untracked 
| 203|0x000000072c200000, 0x000000072c200000, 0x000000072c400000|  0%| F|  |TAMS 0x000000072c200000| PB 0x000000072c200000| Untracked 
| 204|0x000000072c400000, 0x000000072c400000, 0x000000072c600000|  0%| F|  |TAMS 0x000000072c400000| PB 0x000000072c400000| Untracked 
| 205|0x000000072c600000, 0x000000072c600000, 0x000000072c800000|  0%| F|  |TAMS 0x000000072c600000| PB 0x000000072c600000| Untracked 
| 206|0x000000072c800000, 0x000000072c800000, 0x000000072ca00000|  0%| F|  |TAMS 0x000000072c800000| PB 0x000000072c800000| Untracked 
| 207|0x000000072ca00000, 0x000000072ca00000, 0x000000072cc00000|  0%| F|  |TAMS 0x000000072ca00000| PB 0x000000072ca00000| Untracked 
| 208|0x000000072cc00000, 0x000000072cc00000, 0x000000072ce00000|  0%| F|  |TAMS 0x000000072cc00000| PB 0x000000072cc00000| Untracked 
| 209|0x000000072ce00000, 0x000000072ce00000, 0x000000072d000000|  0%| F|  |TAMS 0x000000072ce00000| PB 0x000000072ce00000| Untracked 
| 210|0x000000072d000000, 0x000000072d000000, 0x000000072d200000|  0%| F|  |TAMS 0x000000072d000000| PB 0x000000072d000000| Untracked 
| 211|0x000000072d200000, 0x000000072d200000, 0x000000072d400000|  0%| F|  |TAMS 0x000000072d200000| PB 0x000000072d200000| Untracked 
| 212|0x000000072d400000, 0x000000072d400000, 0x000000072d600000|  0%| F|  |TAMS 0x000000072d400000| PB 0x000000072d400000| Untracked 
| 213|0x000000072d600000, 0x000000072d600000, 0x000000072d800000|  0%| F|  |TAMS 0x000000072d600000| PB 0x000000072d600000| Untracked 
| 214|0x000000072d800000, 0x000000072d800000, 0x000000072da00000|  0%| F|  |TAMS 0x000000072d800000| PB 0x000000072d800000| Untracked 
| 215|0x000000072da00000, 0x000000072da00000, 0x000000072dc00000|  0%| F|  |TAMS 0x000000072da00000| PB 0x000000072da00000| Untracked 
| 216|0x000000072dc00000, 0x000000072dc00000, 0x000000072de00000|  0%| F|  |TAMS 0x000000072dc00000| PB 0x000000072dc00000| Untracked 
| 217|0x000000072de00000, 0x000000072e000000, 0x000000072e000000|100%| E|  |TAMS 0x000000072de00000| PB 0x000000072de00000| Complete 
| 218|0x000000072e000000, 0x000000072e200000, 0x000000072e200000|100%| E|CS|TAMS 0x000000072e000000| PB 0x000000072e000000| Complete 
| 219|0x000000072e200000, 0x000000072e400000, 0x000000072e400000|100%| E|CS|TAMS 0x000000072e200000| PB 0x000000072e200000| Complete 
| 220|0x000000072e400000, 0x000000072e600000, 0x000000072e600000|100%| E|CS|TAMS 0x000000072e400000| PB 0x000000072e400000| Complete 
| 221|0x000000072e600000, 0x000000072e800000, 0x000000072e800000|100%| E|CS|TAMS 0x000000072e600000| PB 0x000000072e600000| Complete 
| 222|0x000000072e800000, 0x000000072ea00000, 0x000000072ea00000|100%| E|CS|TAMS 0x000000072e800000| PB 0x000000072e800000| Complete 
| 223|0x000000072ea00000, 0x000000072ec00000, 0x000000072ec00000|100%| E|CS|TAMS 0x000000072ea00000| PB 0x000000072ea00000| Complete 
| 224|0x000000072ec00000, 0x000000072ee00000, 0x000000072ee00000|100%| E|CS|TAMS 0x000000072ec00000| PB 0x000000072ec00000| Complete 
| 225|0x000000072ee00000, 0x000000072f000000, 0x000000072f000000|100%| E|CS|TAMS 0x000000072ee00000| PB 0x000000072ee00000| Complete 
|1897|0x00000007ffe00000, 0x0000000800000000, 0x0000000800000000|100%| E|CS|TAMS 0x00000007ffe00000| PB 0x00000007ffe00000| Complete 

Card table byte_map: [0x0000017e7dcd0000,0x0000017e7e440000] _byte_map_base: 0x0000017e7a43a000

Marking Bits: (CMBitMap*) 0x0000017e79f0b500
 Bits: [0x0000017e0f000000, 0x0000017e12b50000)

Polling page: 0x0000017e77eb0000

Metaspace:

Usage:
  Non-class:     87.47 MB used.
      Class:      9.94 MB used.
       Both:     97.41 MB used.

Virtual space:
  Non-class space:      128.00 MB reserved,      87.69 MB ( 69%) committed,  2 nodes.
      Class space:        1.00 GB reserved,      10.12 MB ( <1%) committed,  1 nodes.
             Both:        1.12 GB reserved,      97.81 MB (  8%) committed. 

Chunk freelists:
   Non-Class:  7.45 MB
       Class:  5.81 MB
        Both:  13.27 MB

MaxMetaspaceSize: unlimited
CompressedClassSpaceSize: 1.00 GB
Initial GC threshold: 21.00 MB
Current GC threshold: 160.31 MB
CDS: off
 - commit_granule_bytes: 65536.
 - commit_granule_words: 8192.
 - virtual_space_node_default_size: 8388608.
 - enlarge_chunks_in_place: 1.
 - use_allocation_guard: 0.


Internal statistics:

num_allocs_failed_limit: 6.
num_arena_births: 456.
num_arena_deaths: 0.
num_vsnodes_births: 3.
num_vsnodes_deaths: 0.
num_space_committed: 1563.
num_space_uncommitted: 0.
num_chunks_returned_to_freelist: 6.
num_chunks_taken_from_freelist: 3613.
num_chunk_merges: 6.
num_chunk_splits: 3019.
num_chunks_enlarged: 2713.
num_inconsistent_stats: 0.

CodeHeap 'non-profiled nmethods': size=120000Kb used=14601Kb max_used=16760Kb free=105398Kb
 bounds [0x0000017e07ad0000, 0x0000017e08b30000, 0x0000017e0f000000]
CodeHeap 'profiled nmethods': size=120000Kb used=63872Kb max_used=73555Kb free=56127Kb
 bounds [0x0000017e00000000, 0x0000017e047e0000, 0x0000017e07530000]
CodeHeap 'non-nmethods': size=5760Kb used=1729Kb max_used=1806Kb free=4031Kb
 bounds [0x0000017e07530000, 0x0000017e077a0000, 0x0000017e07ad0000]
CodeCache: size=245760Kb, used=80202Kb, max_used=92121Kb, free=165556Kb
 total_blobs=17471, nmethods=16612, adapters=759, full_count=0
Compilation: enabled, stopped_count=0, restarted_count=0

Compilation events (20 events):
Event: 35.046 Thread 0x0000017e2127a8e0 nmethod 25089 0x0000017e08b23c90 code [0x0000017e08b23e60, 0x0000017e08b24280]
Event: 35.046 Thread 0x0000017e2127a8e0 25036       4       java.util.Vector::elementData (7 bytes)
Event: 35.046 Thread 0x0000017e14e2c2f0 nmethod 25195 0x0000017e08b24790 code [0x0000017e08b24960, 0x0000017e08b24ba0]
Event: 35.046 Thread 0x0000017e14e2c2f0 25193       4       org.jetbrains.kotlin.codegen.optimization.fixStack.BasicTypeInterpreter::newEmptyValue (5 bytes)
Event: 35.046 Thread 0x0000017e2127a8e0 nmethod 25036 0x0000017e08b24e10 code [0x0000017e08b24fa0, 0x0000017e08b25078]
Event: 35.046 Thread 0x0000017e2127a8e0 25189       4       org.jetbrains.kotlin.ir.descriptors.IrBasedSimpleFunctionDescriptor::getName (11 bytes)
Event: 35.047 Thread 0x0000017e14e2c2f0 nmethod 25193 0x0000017e08b25110 code [0x0000017e08b252a0, 0x0000017e08b25330]
Event: 35.047 Thread 0x0000017e14e2c2f0 25102       4       org.jetbrains.kotlin.codegen.inline.MaxStackFrameSizeAndLocalsCalculator::visitLdcInsn (29 bytes)
Event: 35.047 Thread 0x0000017e2127a8e0 nmethod 25189 0x0000017e08b25410 code [0x0000017e08b255a0, 0x0000017e08b256a0]
Event: 35.047 Thread 0x0000017e2127a8e0 25196       4       org.jetbrains.org.objectweb.asm.tree.analysis.BasicInterpreter::naryOperation (7 bytes)
Event: 35.049 Thread 0x0000017e14e2c2f0 nmethod 25102 0x0000017e08b25790 code [0x0000017e08b25920, 0x0000017e08b25a88]
Event: 35.049 Thread 0x0000017e14e2c2f0 25082       4       org.jetbrains.kotlin.backend.jvm.codegen.ExpressionCodegen::visitCall$handleParameter (14 bytes)
Event: 35.052 Thread 0x0000017e14e2c2f0 nmethod 25082 0x0000017e08b25c10 code [0x0000017e08b25de0, 0x0000017e08b260c0]
Event: 35.053 Thread 0x0000017e14e2c2f0 25198       4       org.jetbrains.kotlin.fir.lazy.Fir2IrLazyPropertyAccessor::getReturnType (19 bytes)
Event: 35.057 Thread 0x0000017e14e2c2f0 nmethod 25198 0x0000017e08b26510 code [0x0000017e08b266e0, 0x0000017e08b26c88]
Event: 35.057 Thread 0x0000017e14e2c2f0 25200 %     4       org.jetbrains.kotlin.codegen.inline.MethodInliner::removeFakeVariablesInitializationIfPresent @ 220 (352 bytes)
Event: 35.061 Thread 0x0000017e14be2b20 nmethod 25134 0x0000017e08b26f10 code [0x0000017e08b27360, 0x0000017e08b2a8a8]
Event: 35.061 Thread 0x0000017e14be2b20 25202       4       org.jetbrains.kotlin.codegen.inline.InlineScopesGeneratorKt::getLabelToIndexMap (236 bytes)
Event: 35.061 Thread 0x0000017e2127a8e0 nmethod 25196 0x0000017e08b2cc10 code [0x0000017e08b2cea0, 0x0000017e08b2da98]
Event: 35.061 Thread 0x0000017e2127a8e0 25194       4       org.jetbrains.kotlin.codegen.inline.RemapVisitor::visitLocalVariable (56 bytes)

GC Heap History (20 events):
Event: 20.684 GC heap before
{Heap before GC invocations=30 (full 0):
 garbage-first heap   total 321536K, used 291949K [0x0000000712c00000, 0x0000000800000000)
  region size 2048K, 52 young (106496K), 7 survivors (14336K)
 Metaspace       used 71398K, committed 71744K, reserved 1114112K
  class space    used 7772K, committed 7936K, reserved 1048576K
}
Event: 20.698 GC heap after
{Heap after GC invocations=31 (full 0):
 garbage-first heap   total 321536K, used 208843K [0x0000000712c00000, 0x0000000800000000)
  region size 2048K, 5 young (10240K), 5 survivors (10240K)
 Metaspace       used 71398K, committed 71744K, reserved 1114112K
  class space    used 7772K, committed 7936K, reserved 1048576K
}
Event: 23.960 GC heap before
{Heap before GC invocations=32 (full 0):
 garbage-first heap   total 352256K, used 292811K [0x0000000712c00000, 0x0000000800000000)
  region size 2048K, 46 young (94208K), 5 survivors (10240K)
 Metaspace       used 77830K, committed 78272K, reserved 1179648K
  class space    used 8317K, committed 8512K, reserved 1048576K
}
Event: 23.975 GC heap after
{Heap after GC invocations=33 (full 0):
 garbage-first heap   total 352256K, used 221468K [0x0000000712c00000, 0x0000000800000000)
  region size 2048K, 6 young (12288K), 6 survivors (12288K)
 Metaspace       used 77830K, committed 78272K, reserved 1179648K
  class space    used 8317K, committed 8512K, reserved 1048576K
}
Event: 25.641 GC heap before
{Heap before GC invocations=33 (full 0):
 garbage-first heap   total 352256K, used 315676K [0x0000000712c00000, 0x0000000800000000)
  region size 2048K, 52 young (106496K), 6 survivors (12288K)
 Metaspace       used 82549K, committed 82944K, reserved 1179648K
  class space    used 8734K, committed 8896K, reserved 1048576K
}
Event: 25.661 GC heap after
{Heap after GC invocations=34 (full 0):
 garbage-first heap   total 352256K, used 233914K [0x0000000712c00000, 0x0000000800000000)
  region size 2048K, 7 young (14336K), 7 survivors (14336K)
 Metaspace       used 82549K, committed 82944K, reserved 1179648K
  class space    used 8734K, committed 8896K, reserved 1048576K
}
Event: 26.765 GC heap before
{Heap before GC invocations=34 (full 0):
 garbage-first heap   total 352256K, used 317882K [0x0000000712c00000, 0x0000000800000000)
  region size 2048K, 48 young (98304K), 7 survivors (14336K)
 Metaspace       used 83413K, committed 83776K, reserved 1179648K
  class space    used 8785K, committed 8960K, reserved 1048576K
}
Event: 26.787 GC heap after
{Heap after GC invocations=35 (full 0):
 garbage-first heap   total 352256K, used 252246K [0x0000000712c00000, 0x0000000800000000)
  region size 2048K, 6 young (12288K), 6 survivors (12288K)
 Metaspace       used 83413K, committed 83776K, reserved 1179648K
  class space    used 8785K, committed 8960K, reserved 1048576K
}
Event: 27.824 GC heap before
{Heap before GC invocations=36 (full 0):
 garbage-first heap   total 423936K, used 319830K [0x0000000712c00000, 0x0000000800000000)
  region size 2048K, 39 young (79872K), 6 survivors (12288K)
 Metaspace       used 84728K, committed 85120K, reserved 1179648K
  class space    used 8904K, committed 9088K, reserved 1048576K
}
Event: 27.837 GC heap after
{Heap after GC invocations=37 (full 0):
 garbage-first heap   total 423936K, used 261195K [0x0000000712c00000, 0x0000000800000000)
  region size 2048K, 4 young (8192K), 4 survivors (8192K)
 Metaspace       used 84728K, committed 85120K, reserved 1179648K
  class space    used 8904K, committed 9088K, reserved 1048576K
}
Event: 30.028 GC heap before
{Heap before GC invocations=37 (full 0):
 garbage-first heap   total 423936K, used 377931K [0x0000000712c00000, 0x0000000800000000)
  region size 2048K, 61 young (124928K), 4 survivors (8192K)
 Metaspace       used 91827K, committed 92224K, reserved 1179648K
  class space    used 9596K, committed 9792K, reserved 1048576K
}
Event: 30.039 GC heap after
{Heap after GC invocations=38 (full 0):
 garbage-first heap   total 423936K, used 267791K [0x0000000712c00000, 0x0000000800000000)
  region size 2048K, 8 young (16384K), 8 survivors (16384K)
 Metaspace       used 91827K, committed 92224K, reserved 1179648K
  class space    used 9596K, committed 9792K, reserved 1048576K
}
Event: 31.964 GC heap before
{Heap before GC invocations=38 (full 0):
 garbage-first heap   total 423936K, used 380431K [0x0000000712c00000, 0x0000000800000000)
  region size 2048K, 63 young (129024K), 8 survivors (16384K)
 Metaspace       used 97664K, committed 98112K, reserved 1179648K
  class space    used 10100K, committed 10304K, reserved 1048576K
}
Event: 31.977 GC heap after
{Heap after GC invocations=39 (full 0):
 garbage-first heap   total 423936K, used 276998K [0x0000000712c00000, 0x0000000800000000)
  region size 2048K, 5 young (10240K), 5 survivors (10240K)
 Metaspace       used 97664K, committed 98112K, reserved 1179648K
  class space    used 10100K, committed 10304K, reserved 1048576K
}
Event: 33.344 GC heap before
{Heap before GC invocations=40 (full 0):
 garbage-first heap   total 464896K, used 387590K [0x0000000712c00000, 0x0000000800000000)
  region size 2048K, 59 young (120832K), 5 survivors (10240K)
 Metaspace       used 98864K, committed 99328K, reserved 1179648K
  class space    used 10123K, committed 10368K, reserved 1048576K
}
Event: 33.352 GC heap after
{Heap after GC invocations=41 (full 0):
 garbage-first heap   total 464896K, used 283837K [0x0000000712c00000, 0x0000000800000000)
  region size 2048K, 4 young (8192K), 4 survivors (8192K)
 Metaspace       used 98864K, committed 99328K, reserved 1179648K
  class space    used 10123K, committed 10368K, reserved 1048576K
}
Event: 34.126 GC heap before
{Heap before GC invocations=41 (full 0):
 garbage-first heap   total 464896K, used 425149K [0x0000000712c00000, 0x0000000800000000)
  region size 2048K, 73 young (149504K), 4 survivors (8192K)
 Metaspace       used 99552K, committed 99968K, reserved 1179648K
  class space    used 10170K, committed 10368K, reserved 1048576K
}
Event: 34.134 GC heap after
{Heap after GC invocations=42 (full 0):
 garbage-first heap   total 464896K, used 287669K [0x0000000712c00000, 0x0000000800000000)
  region size 2048K, 8 young (16384K), 8 survivors (16384K)
 Metaspace       used 99552K, committed 99968K, reserved 1179648K
  class space    used 10170K, committed 10368K, reserved 1048576K
}
Event: 34.823 GC heap before
{Heap before GC invocations=42 (full 0):
 garbage-first heap   total 464896K, used 422837K [0x0000000712c00000, 0x0000000800000000)
  region size 2048K, 74 young (151552K), 8 survivors (16384K)
 Metaspace       used 99689K, committed 100096K, reserved 1179648K
  class space    used 10174K, committed 10368K, reserved 1048576K
}
Event: 34.835 GC heap after
{Heap after GC invocations=43 (full 0):
 garbage-first heap   total 464896K, used 296885K [0x0000000712c00000, 0x0000000800000000)
  region size 2048K, 9 young (18432K), 9 survivors (18432K)
 Metaspace       used 99689K, committed 100096K, reserved 1179648K
  class space    used 10174K, committed 10368K, reserved 1048576K
}

Dll operation events (3 events):
Event: 0.007 Loaded shared library C:\Program Files\Android\Android Studio\jbr\bin\java.dll
Event: 0.011 Loaded shared library C:\Program Files\Android\Android Studio\jbr\bin\zip.dll
Event: 1.302 Loaded shared library C:\Program Files\Android\Android Studio\jbr\bin\verify.dll

Deoptimization events (20 events):
Event: 34.981 Thread 0x0000017e77b36b90 DEOPT PACKING pc=0x0000017e033e1778 sp=0x000000600e3fdec0
Event: 34.981 Thread 0x0000017e77b36b90 DEOPT UNPACKING pc=0x0000017e07584bc2 sp=0x000000600e3fd3e0 mode 0
Event: 35.000 Thread 0x0000017e77b36b90 Uncommon trap: trap_request=0xffffff45 fr.pc=0x0000017e0819e51c relative=0x00000000000000dc
Event: 35.000 Thread 0x0000017e77b36b90 Uncommon trap: reason=unstable_if action=reinterpret pc=0x0000017e0819e51c method=org.jetbrains.kotlin.codegen.optimization.fixStack.BasicTypeInterpreter.newValue(Lorg/jetbrains/org/objectweb/asm/Type;)Lorg/jetbrains/org/objectweb/asm/tree/analysis/Value;
Event: 35.000 Thread 0x0000017e77b36b90 DEOPT PACKING pc=0x0000017e0819e51c sp=0x000000600e3faa10
Event: 35.000 Thread 0x0000017e77b36b90 DEOPT UNPACKING pc=0x0000017e07584422 sp=0x000000600e3fa9a0 mode 2
Event: 35.002 Thread 0x0000017e77b36b90 Uncommon trap: trap_request=0xffffff45 fr.pc=0x0000017e08af4d80 relative=0x0000000000000280
Event: 35.002 Thread 0x0000017e77b36b90 Uncommon trap: reason=unstable_if action=reinterpret pc=0x0000017e08af4d80 method=org.jetbrains.org.objectweb.asm.commons.InstructionAdapter.visitJumpInsn(ILorg/jetbrains/org/objectweb/asm/Label;)V @ 1 c2
Event: 35.002 Thread 0x0000017e77b36b90 DEOPT PACKING pc=0x0000017e08af4d80 sp=0x000000600e3fc040
Event: 35.002 Thread 0x0000017e77b36b90 DEOPT UNPACKING pc=0x0000017e07584422 sp=0x000000600e3fbfc8 mode 2
Event: 35.002 Thread 0x0000017e77b36b90 Uncommon trap: trap_request=0xffffff45 fr.pc=0x0000017e0831a8c8 relative=0x0000000000000aa8
Event: 35.002 Thread 0x0000017e77b36b90 Uncommon trap: reason=unstable_if action=reinterpret pc=0x0000017e0831a8c8 method=org.jetbrains.kotlin.codegen.optimization.fixStack.BasicTypeInterpreter.newValue(Lorg/jetbrains/org/objectweb/asm/Type;)Lorg/jetbrains/org/objectweb/asm/tree/analysis/Value;
Event: 35.002 Thread 0x0000017e77b36b90 DEOPT PACKING pc=0x0000017e0831a8c8 sp=0x000000600e3fbe70
Event: 35.002 Thread 0x0000017e77b36b90 DEOPT UNPACKING pc=0x0000017e07584422 sp=0x000000600e3fbdb0 mode 2
Event: 35.005 Thread 0x0000017e77b36b90 Uncommon trap: trap_request=0xffffff45 fr.pc=0x0000017e08ae5818 relative=0x00000000000006d8
Event: 35.005 Thread 0x0000017e77b36b90 Uncommon trap: reason=unstable_if action=reinterpret pc=0x0000017e08ae5818 method=org.jetbrains.kotlin.codegen.optimization.nullCheck.RedundantNullCheckMethodTransformer$TransformerPass.isOptimizable(Lorg/jetbrains/org/objectweb/asm/tree/AbstractInsnNode;
Event: 35.005 Thread 0x0000017e77b36b90 DEOPT PACKING pc=0x0000017e08ae5818 sp=0x000000600e3fdef0
Event: 35.005 Thread 0x0000017e77b36b90 DEOPT UNPACKING pc=0x0000017e07584422 sp=0x000000600e3fde80 mode 2
Event: 35.054 Thread 0x0000017e77b36b90 DEOPT PACKING pc=0x0000017e0310d2c8 sp=0x000000600e3fac40
Event: 35.054 Thread 0x0000017e77b36b90 DEOPT UNPACKING pc=0x0000017e07584bc2 sp=0x000000600e3fa178 mode 0

Classes loaded (20 events):
Event: 28.735 Loading class sun/security/provider/ByteArrayAccess$LE
Event: 28.735 Loading class sun/security/provider/ByteArrayAccess$LE done
Event: 28.736 Loading class sun/security/provider/ByteArrayAccess
Event: 28.736 Loading class sun/security/provider/ByteArrayAccess done
Event: 28.736 Loading class java/util/Base64
Event: 28.736 Loading class java/util/Base64 done
Event: 28.736 Loading class java/util/Base64$Encoder
Event: 28.737 Loading class java/util/Base64$Encoder done
Event: 28.738 Loading class java/util/IdentityHashMap$EntrySet
Event: 28.738 Loading class java/util/IdentityHashMap$EntrySet done
Event: 28.738 Loading class java/util/IdentityHashMap$EntryIterator
Event: 28.738 Loading class java/util/IdentityHashMap$IdentityHashMapIterator
Event: 28.738 Loading class java/util/IdentityHashMap$IdentityHashMapIterator done
Event: 28.738 Loading class java/util/IdentityHashMap$EntryIterator done
Event: 28.738 Loading class java/util/IdentityHashMap$EntryIterator$Entry
Event: 28.739 Loading class java/util/IdentityHashMap$EntryIterator$Entry done
Event: 31.054 Loading class java/lang/TypeNotPresentException
Event: 31.054 Loading class java/lang/TypeNotPresentException done
Event: 31.217 Loading class java/util/Vector$Itr
Event: 31.218 Loading class java/util/Vector$Itr done

Classes unloaded (0 events):
No events

Classes redefined (0 events):
No events

Internal exceptions (20 events):
Event: 28.832 Thread 0x0000017e77b36b90 Exception <a 'java/lang/NoSuchMethodError'{0x0000000728c8d858}: 'java.lang.Object java.lang.invoke.DirectMethodHandle$Holder.newInvokeSpecial(java.lang.Object, java.lang.Object, java.lang.Object, java.lang.Object, java.lang.Object, int, int)'> (0x0000000728c8d858) 
thrown [s\src\hotspot\share\interpreter\linkResolver.cpp, line 784]
Event: 28.833 Thread 0x0000017e77b36b90 Exception <a 'java/lang/NoSuchMethodError'{0x0000000728c95250}: 'java.lang.Object java.lang.invoke.Invokers$Holder.linkToTargetMethod(java.lang.Object, java.lang.Object, java.lang.Object, java.lang.Object, int, int, java.lang.Object)'> (0x0000000728c95250) 
thrown [s\src\hotspot\share\interpreter\linkResolver.cpp, line 784]
Event: 29.055 Thread 0x0000017e77b36b90 Exception <a 'java/lang/NoSuchMethodError'{0x00000007287d59e0}: 'java.lang.Object java.lang.invoke.DirectMethodHandle$Holder.newInvokeSpecial(java.lang.Object, java.lang.Object, java.lang.Object, java.lang.Object, java.lang.Object, java.lang.Object, int, java.lang.Object)'> (0x00000007287d59e0) 
thrown [s\src\hotspot\share\interpreter\linkResolver.cpp, line 784]
Event: 29.055 Thread 0x0000017e77b36b90 Exception <a 'java/lang/NoSuchMethodError'{0x00000007287da0a0}: 'java.lang.Object java.lang.invoke.DirectMethodHandle$Holder.invokeSpecial(java.lang.Object, java.lang.Object, java.lang.Object, java.lang.Object, java.lang.Object, java.lang.Object, java.lang.Object, int, java.lang.Object)'> (0x00000007287da0a0) 
thrown [s\src\hotspot\share\interpreter\linkResolver.cpp, line 784]
Event: 29.055 Thread 0x0000017e77b36b90 Exception <a 'java/lang/NoSuchMethodError'{0x00000007287ddfc8}: 'java.lang.Object java.lang.invoke.Invokers$Holder.linkToTargetMethod(java.lang.Object, java.lang.Object, java.lang.Object, java.lang.Object, java.lang.Object, int, java.lang.Object, java.lang.Object)'> (0x00000007287ddfc8) 
thrown [s\src\hotspot\share\interpreter\linkResolver.cpp, line 784]
Event: 29.101 Thread 0x0000017e77b36b90 Exception <a 'java/lang/NoSuchMethodError'{0x0000000728582688}: 'java.lang.Object java.lang.invoke.DirectMethodHandle$Holder.invokeStaticInit(java.lang.Object, java.lang.Object, int, java.lang.Object)'> (0x0000000728582688) 
thrown [s\src\hotspot\share\interpreter\linkResolver.cpp, line 784]
Event: 29.281 Thread 0x0000017e77b36b90 Exception <a 'java/lang/NoSuchMethodError'{0x0000000727a48cc0}: 'java.lang.Object java.lang.invoke.DirectMethodHandle$Holder.newInvokeSpecial(java.lang.Object, java.lang.Object, int, java.lang.Object)'> (0x0000000727a48cc0) 
thrown [s\src\hotspot\share\interpreter\linkResolver.cpp, line 784]
Event: 29.281 Thread 0x0000017e77b36b90 Exception <a 'java/lang/NoSuchMethodError'{0x0000000727a4ccf8}: 'java.lang.Object java.lang.invoke.DirectMethodHandle$Holder.invokeSpecial(java.lang.Object, java.lang.Object, java.lang.Object, int, java.lang.Object)'> (0x0000000727a4ccf8) 
thrown [s\src\hotspot\share\interpreter\linkResolver.cpp, line 784]
Event: 29.281 Thread 0x0000017e77b36b90 Exception <a 'java/lang/NoSuchMethodError'{0x0000000727a506c8}: 'java.lang.Object java.lang.invoke.Invokers$Holder.linkToTargetMethod(java.lang.Object, int, java.lang.Object, java.lang.Object)'> (0x0000000727a506c8) 
thrown [s\src\hotspot\share\interpreter\linkResolver.cpp, line 784]
Event: 29.511 Thread 0x0000017e77b36b90 Implicit null exception at 0x0000017e085b9487 to 0x0000017e085b99d4
Event: 31.136 Thread 0x0000017e77b36b90 Exception <a 'java/lang/NoSuchMethodError'{0x0000000728ba88e8}: 'java.lang.Object java.lang.invoke.DirectMethodHandle$Holder.invokeStatic(java.lang.Object, int, int)'> (0x0000000728ba88e8) 
thrown [s\src\hotspot\share\interpreter\linkResolver.cpp, line 784]
Event: 31.190 Thread 0x0000017e77b36b90 Exception <a 'java/lang/NoSuchMethodError'{0x00000007286ebe78}: 'java.lang.Object java.lang.invoke.DirectMethodHandle$Holder.newInvokeSpecial(java.lang.Object, java.lang.Object, java.lang.Object, java.lang.Object, java.lang.Object, int, java.lang.Object)'> (0x00000007286ebe78) 
thrown [s\src\hotspot\share\interpreter\linkResolver.cpp, line 784]
Event: 31.191 Thread 0x0000017e77b36b90 Exception <a 'java/lang/NoSuchMethodError'{0x00000007286eff80}: 'java.lang.Object java.lang.invoke.DirectMethodHandle$Holder.invokeSpecial(java.lang.Object, java.lang.Object, java.lang.Object, java.lang.Object, java.lang.Object, java.lang.Object, int, java.lang.Object)'> (0x00000007286eff80) 
thrown [s\src\hotspot\share\interpreter\linkResolver.cpp, line 784]
Event: 31.191 Thread 0x0000017e77b36b90 Exception <a 'java/lang/NoSuchMethodError'{0x00000007286f36f0}: 'java.lang.Object java.lang.invoke.Invokers$Holder.linkToTargetMethod(java.lang.Object, java.lang.Object, java.lang.Object, java.lang.Object, int, java.lang.Object, java.lang.Object)'> (0x00000007286f36f0) 
thrown [s\src\hotspot\share\interpreter\linkResolver.cpp, line 784]
Event: 31.351 Thread 0x0000017e77b36b90 Exception <a 'java/lang/NoSuchMethodError'{0x00000007281e6f18}: 'java.lang.Object java.lang.invoke.DirectMethodHandle$Holder.invokeStatic(java.lang.Object, java.lang.Object, java.lang.Object, java.lang.Object, java.lang.Object, int)'> (0x00000007281e6f18) 
thrown [s\src\hotspot\share\interpreter\linkResolver.cpp, line 784]
Event: 31.407 Thread 0x0000017e77b36b90 Exception <a 'java/lang/NoSuchMethodError'{0x0000000727fd4f20}: 'java.lang.Object java.lang.invoke.DirectMethodHandle$Holder.newInvokeSpecial(java.lang.Object, int, int, java.lang.Object)'> (0x0000000727fd4f20) 
thrown [s\src\hotspot\share\interpreter\linkResolver.cpp, line 784]
Event: 31.407 Thread 0x0000017e77b36b90 Exception <a 'java/lang/NoSuchMethodError'{0x0000000727fdc628}: 'java.lang.Object java.lang.invoke.Invokers$Holder.linkToTargetMethod(int, int, java.lang.Object, java.lang.Object)'> (0x0000000727fdc628) 
thrown [s\src\hotspot\share\interpreter\linkResolver.cpp, line 784]
Event: 31.408 Thread 0x0000017e77b36b90 Exception <a 'java/lang/NoSuchMethodError'{0x0000000727fe6b10}: 'java.lang.Object java.lang.invoke.DirectMethodHandle$Holder.invokeStatic(java.lang.Object, java.lang.Object, int, int, java.lang.Object)'> (0x0000000727fe6b10) 
thrown [s\src\hotspot\share\interpreter\linkResolver.cpp, line 784]
Event: 31.666 Thread 0x0000017e77b36b90 Implicit null exception at 0x0000017e08a1f1de to 0x0000017e08a1f20e
Event: 33.154 Thread 0x0000017e77b36b90 Implicit null exception at 0x0000017e08a32e89 to 0x0000017e08a33ae4

ZGC Phase Switch (0 events):
No events

VM Operations (20 events):
Event: 33.342 Executing safepoint VM operation: ICBufferFull done
Event: 33.344 Executing safepoint VM operation: G1CollectForAllocation (G1 Evacuation Pause)
Event: 33.353 Executing safepoint VM operation: G1CollectForAllocation (G1 Evacuation Pause) done
Event: 33.548 Executing non-safepoint VM operation: HandshakeAllThreads (Deoptimize)
Event: 33.548 Executing non-safepoint VM operation: HandshakeAllThreads (Deoptimize) done
Event: 33.551 Executing non-safepoint VM operation: HandshakeAllThreads (Deoptimize)
Event: 33.552 Executing non-safepoint VM operation: HandshakeAllThreads (Deoptimize) done
Event: 33.555 Executing non-safepoint VM operation: HandshakeAllThreads (Deoptimize)
Event: 33.555 Executing non-safepoint VM operation: HandshakeAllThreads (Deoptimize) done
Event: 33.667 Executing non-safepoint VM operation: HandshakeAllThreads (Deoptimize)
Event: 33.667 Executing non-safepoint VM operation: HandshakeAllThreads (Deoptimize) done
Event: 33.688 Executing safepoint VM operation: ICBufferFull
Event: 33.688 Executing safepoint VM operation: ICBufferFull done
Event: 34.126 Executing safepoint VM operation: G1CollectForAllocation (G1 Evacuation Pause)
Event: 34.134 Executing safepoint VM operation: G1CollectForAllocation (G1 Evacuation Pause) done
Event: 34.650 Executing safepoint VM operation: ICBufferFull
Event: 34.650 Executing safepoint VM operation: ICBufferFull done
Event: 34.823 Executing safepoint VM operation: G1CollectForAllocation (G1 Evacuation Pause)
Event: 34.835 Executing safepoint VM operation: G1CollectForAllocation (G1 Evacuation Pause) done
Event: 35.064 Executing safepoint VM operation: G1PauseRemark

Memory protections (0 events):
No events

Nmethod flushes (20 events):
Event: 35.076 Thread 0x0000017e7f0ea2b0 flushing  nmethod 0x0000017e03b7fb10
Event: 35.076 Thread 0x0000017e7f0ea2b0 flushing  nmethod 0x0000017e03b80610
Event: 35.076 Thread 0x0000017e7f0ea2b0 flushing  nmethod 0x0000017e03b80d90
Event: 35.076 Thread 0x0000017e7f0ea2b0 flushing  nmethod 0x0000017e03b81c10
Event: 35.076 Thread 0x0000017e7f0ea2b0 flushing  nmethod 0x0000017e03b83910
Event: 35.076 Thread 0x0000017e7f0ea2b0 flushing  nmethod 0x0000017e03b83f10
Event: 35.076 Thread 0x0000017e7f0ea2b0 flushing  nmethod 0x0000017e03b84610
Event: 35.076 Thread 0x0000017e7f0ea2b0 flushing  nmethod 0x0000017e03c04590
Event: 35.076 Thread 0x0000017e7f0ea2b0 flushing  nmethod 0x0000017e03c2ee10
Event: 35.076 Thread 0x0000017e7f0ea2b0 flushing  nmethod 0x0000017e03c66a90
Event: 35.076 Thread 0x0000017e7f0ea2b0 flushing  nmethod 0x0000017e03e4dd10
Event: 35.076 Thread 0x0000017e7f0ea2b0 flushing  nmethod 0x0000017e03f95210
Event: 35.076 Thread 0x0000017e7f0ea2b0 flushing  nmethod 0x0000017e03f99610
Event: 35.076 Thread 0x0000017e7f0ea2b0 flushing  nmethod 0x0000017e04171310
Event: 35.076 Thread 0x0000017e7f0ea2b0 flushing  nmethod 0x0000017e04171d90
Event: 35.076 Thread 0x0000017e7f0ea2b0 flushing  nmethod 0x0000017e04172810
Event: 35.076 Thread 0x0000017e7f0ea2b0 flushing  nmethod 0x0000017e04173290
Event: 35.076 Thread 0x0000017e7f0ea2b0 flushing  nmethod 0x0000017e041b8b10
Event: 35.076 Thread 0x0000017e7f0ea2b0 flushing  nmethod 0x0000017e0423c990
Event: 35.076 Thread 0x0000017e7f0ea2b0 flushing  nmethod 0x0000017e04360890

Events (20 events):
Event: 0.070 Thread 0x0000017e77b36b90 Thread added: 0x0000017e14bb7fb0
Event: 0.071 Thread 0x0000017e77b36b90 Thread added: 0x0000017e14c02b50
Event: 0.071 Thread 0x0000017e77b36b90 Thread added: 0x0000017e14bcbc50
Event: 0.071 Thread 0x0000017e77b36b90 Thread added: 0x0000017e14be2b20
Event: 0.071 Thread 0x0000017e77b36b90 Thread added: 0x0000017e14be55d0
Event: 0.120 Thread 0x0000017e77b36b90 Thread added: 0x0000017e14cb6430
Event: 0.134 Loaded shared library C:\Program Files\Android\Android Studio\jbr\bin\net.dll
Event: 0.137 Loaded shared library C:\Program Files\Android\Android Studio\jbr\bin\nio.dll
Event: 0.155 Thread 0x0000017e14be2b20 Thread added: 0x0000017e14e2c2f0
Event: 0.155 Thread 0x0000017e14be2b20 Thread added: 0x0000017e14e28ba0
Event: 0.168 Loaded shared library C:\Program Files\Android\Android Studio\jbr\bin\zip.dll
Event: 0.236 Loaded shared library C:\Program Files\Android\Android Studio\jbr\bin\jimage.dll
Event: 0.532 Loaded shared library C:\Program Files\Android\Android Studio\jbr\bin\management.dll
Event: 0.544 Loaded shared library C:\Program Files\Android\Android Studio\jbr\bin\management_ext.dll
Event: 1.290 Thread 0x0000017e14e28ba0 Thread exited: 0x0000017e14e28ba0
Event: 1.390 Thread 0x0000017e14be2b20 Thread added: 0x0000017e1a2d23f0
Event: 20.365 Thread 0x0000017e1a2d23f0 Thread exited: 0x0000017e1a2d23f0
Event: 20.701 Thread 0x0000017e14e2c2f0 Thread added: 0x0000017e21275df0
Event: 22.737 Thread 0x0000017e21275df0 Thread exited: 0x0000017e21275df0
Event: 23.445 Thread 0x0000017e14be55d0 Thread added: 0x0000017e2127a8e0


Dynamic libraries:
0x00007ff6d7530000 - 0x00007ff6d753a000 	C:\Program Files\Android\Android Studio\jbr\bin\java.exe
0x00007ffe0acc0000 - 0x00007ffe0af27000 	C:\WINDOWS\SYSTEM32\ntdll.dll
0x00007ffe0a020000 - 0x00007ffe0a0e9000 	C:\WINDOWS\System32\KERNEL32.DLL
0x00007ffe07e10000 - 0x00007ffe081ff000 	C:\WINDOWS\System32\KERNELBASE.dll
0x00007ffe08590000 - 0x00007ffe086db000 	C:\WINDOWS\System32\ucrtbase.dll
0x00007ffe02530000 - 0x00007ffe02548000 	C:\Program Files\Android\Android Studio\jbr\bin\jli.dll
0x00007ffdfee50000 - 0x00007ffdfee6b000 	C:\Program Files\Android\Android Studio\jbr\bin\VCRUNTIME140.dll
0x00007ffe08c60000 - 0x00007ffe08e25000 	C:\WINDOWS\System32\USER32.dll
0x00007ffded1a0000 - 0x00007ffded433000 	C:\WINDOWS\WinSxS\amd64_microsoft.windows.common-controls_6595b64144ccf1df_6.0.26100.7309_none_3e05feeae336a044\COMCTL32.dll
0x00007ffe08560000 - 0x00007ffe08587000 	C:\WINDOWS\System32\win32u.dll
0x00007ffe091e0000 - 0x00007ffe09289000 	C:\WINDOWS\System32\msvcrt.dll
0x00007ffe091b0000 - 0x00007ffe091db000 	C:\WINDOWS\System32\GDI32.dll
0x00007ffe08370000 - 0x00007ffe0849c000 	C:\WINDOWS\System32\gdi32full.dll
0x00007ffe08210000 - 0x00007ffe082b3000 	C:\WINDOWS\System32\msvcp_win.dll
0x00007ffe09050000 - 0x00007ffe09081000 	C:\WINDOWS\System32\IMM32.DLL
0x00007ffe054c0000 - 0x00007ffe054cc000 	C:\Program Files\Android\Android Studio\jbr\bin\vcruntime140_1.dll
0x00007ffdf8240000 - 0x00007ffdf82cd000 	C:\Program Files\Android\Android Studio\jbr\bin\msvcp140.dll
0x00007ffdcbfa0000 - 0x00007ffdccc36000 	C:\Program Files\Android\Android Studio\jbr\bin\server\jvm.dll
0x00007ffe09800000 - 0x00007ffe098b4000 	C:\WINDOWS\System32\ADVAPI32.dll
0x00007ffe0ab40000 - 0x00007ffe0abe6000 	C:\WINDOWS\System32\sechost.dll
0x00007ffe09090000 - 0x00007ffe091a8000 	C:\WINDOWS\System32\RPCRT4.dll
0x00007ffe08b70000 - 0x00007ffe08be4000 	C:\WINDOWS\System32\WS2_32.dll
0x00007ffe07c70000 - 0x00007ffe07cce000 	C:\WINDOWS\SYSTEM32\POWRPROF.dll
0x00007ffe01360000 - 0x00007ffe01395000 	C:\WINDOWS\SYSTEM32\WINMM.dll
0x00007ffe058f0000 - 0x00007ffe058fb000 	C:\WINDOWS\SYSTEM32\VERSION.dll
0x00007ffe07c50000 - 0x00007ffe07c64000 	C:\WINDOWS\SYSTEM32\UMPDC.dll
0x00007ffe06bc0000 - 0x00007ffe06bdb000 	C:\WINDOWS\SYSTEM32\kernel.appcore.dll
0x00007ffe05120000 - 0x00007ffe0512a000 	C:\Program Files\Android\Android Studio\jbr\bin\jimage.dll
0x00007ffe04930000 - 0x00007ffe04b72000 	C:\WINDOWS\SYSTEM32\DBGHELP.DLL
0x00007ffe0a7b0000 - 0x00007ffe0ab36000 	C:\WINDOWS\System32\combase.dll
0x00007ffe09290000 - 0x00007ffe09366000 	C:\WINDOWS\System32\OLEAUT32.dll
0x00007ffde6ec0000 - 0x00007ffde6efc000 	C:\WINDOWS\SYSTEM32\dbgcore.DLL
0x00007ffe082c0000 - 0x00007ffe08365000 	C:\WINDOWS\System32\bcryptPrimitives.dll
0x00007ffdfd200000 - 0x00007ffdfd220000 	C:\Program Files\Android\Android Studio\jbr\bin\java.dll
0x00007ffdfd1e0000 - 0x00007ffdfd1f8000 	C:\Program Files\Android\Android Studio\jbr\bin\zip.dll
0x00007ffe098c0000 - 0x00007ffe0a013000 	C:\WINDOWS\System32\SHELL32.dll
0x00007ffe086e0000 - 0x00007ffe0884a000 	C:\WINDOWS\System32\wintypes.dll
0x00007ffe05a10000 - 0x00007ffe0626e000 	C:\WINDOWS\SYSTEM32\windows.storage.dll
0x00007ffe0a400000 - 0x00007ffe0a4f5000 	C:\WINDOWS\System32\SHCORE.dll
0x00007ffe08bf0000 - 0x00007ffe08c56000 	C:\WINDOWS\System32\shlwapi.dll
0x00007ffe07d30000 - 0x00007ffe07d59000 	C:\WINDOWS\SYSTEM32\profapi.dll
0x00007ffe050c0000 - 0x00007ffe050d0000 	C:\Program Files\Android\Android Studio\jbr\bin\net.dll
0x00007ffdfdf10000 - 0x00007ffdfe038000 	C:\WINDOWS\SYSTEM32\WINHTTP.dll
0x00007ffe07130000 - 0x00007ffe0719b000 	C:\WINDOWS\system32\mswsock.dll
0x00007ffdfce60000 - 0x00007ffdfce76000 	C:\Program Files\Android\Android Studio\jbr\bin\nio.dll
0x00007ffe02550000 - 0x00007ffe02559000 	C:\Program Files\Android\Android Studio\jbr\bin\management.dll
0x00007ffe02500000 - 0x00007ffe0250b000 	C:\Program Files\Android\Android Studio\jbr\bin\management_ext.dll
0x00007ffe0abf0000 - 0x00007ffe0abf8000 	C:\WINDOWS\System32\PSAPI.DLL
0x00007ffdfee20000 - 0x00007ffdfee30000 	C:\Program Files\Android\Android Studio\jbr\bin\verify.dll

JVMTI agents: none

dbghelp: loaded successfully - version: 4.0.5 - missing functions: none
symbol engine: initialized successfully - sym options: 0x614 - pdb path: .;C:\Program Files\Android\Android Studio\jbr\bin;C:\WINDOWS\SYSTEM32;C:\WINDOWS\WinSxS\amd64_microsoft.windows.common-controls_6595b64144ccf1df_6.0.26100.7309_none_3e05feeae336a044;C:\Program Files\Android\Android Studio\jbr\bin\server

VM Arguments:
java_command: org.jetbrains.kotlin.cli.jvm.K2JVMCompiler @C:\Semestre 6\Ingenieria de proyectos\Proyecto App_Bus\uatlife-android\app\build\20260509_6795968238311624928.compiler.options
java_class_path (initial): C:\Users\edgar\.gradle\caches\modules-2\files-2.1\org.jetbrains.kotlin\kotlin-compiler-embeddable\2.2.10\6882d39ef03b18879c1a5d2a83c2212361bed5fe\kotlin-compiler-embeddable-2.2.10.jar;C:\Users\edgar\.gradle\caches\modules-2\files-2.1\org.jetbrains.kotlin\kotlin-stdlib\2.2.10\30de6faa127a4a012db8e71bf1b9c0a99b1402b2\kotlin-stdlib-2.2.10.jar;C:\Users\edgar\.gradle\caches\modules-2\files-2.1\org.jetbrains.kotlin\kotlin-script-runtime\2.2.10\712f9bc08f378c13a4a00f0bbb28c76e59183e83\kotlin-script-runtime-2.2.10.jar;C:\Users\edgar\.gradle\caches\modules-2\files-2.1\org.jetbrains.kotlin\kotlin-reflect\1.6.10\1cbe9c92c12a94eea200d23c2bbaedaf3daf5132\kotlin-reflect-1.6.10.jar;C:\Users\edgar\.gradle\caches\modules-2\files-2.1\org.jetbrains.kotlin\kotlin-daemon-embeddable\2.2.10\212fd3c2c6e4e5d0f4db3c4191233e2b622380cc\kotlin-daemon-embeddable-2.2.10.jar;C:\Users\edgar\.gradle\caches\modules-2\files-2.1\org.jetbrains.kotlinx\kotlinx-coroutines-core-jvm\1.8.0\ac1dc37a30a93150b704022f8d895ee1bd3a36b3\kotlinx-coroutines-core-jvm-1.8.0.jar;C:\Users\edgar\.gradle\caches\modules-2\files-2.1\org.jetbrains\annotations\13.0\919f0dfe192fb4e063e7dacadee7f8bb9a2672a9\annotations-13.0.jar
Launcher Type: SUN_STANDARD

[Global flags]
     intx CICompilerCount                          = 4                                         {product} {ergonomic}
     uint ConcGCThreads                            = 3                                         {product} {ergonomic}
     uint G1ConcRefinementThreads                  = 10                                        {product} {ergonomic}
   size_t G1HeapRegionSize                         = 2097152                                   {product} {ergonomic}
    uintx GCDrainStackTargetSize                   = 64                                        {product} {ergonomic}
   size_t InitialHeapSize                          = 249561088                                 {product} {ergonomic}
   size_t MarkStackSize                            = 4194304                                   {product} {ergonomic}
   size_t MaxHeapSize                              = 3980394496                                {product} {ergonomic}
   size_t MaxNewSize                               = 2386558976                                {product} {ergonomic}
   size_t MinHeapDeltaBytes                        = 2097152                                   {product} {ergonomic}
   size_t MinHeapSize                              = 8388608                                   {product} {ergonomic}
    uintx NonNMethodCodeHeapSize                   = 5839372                                {pd product} {ergonomic}
    uintx NonProfiledCodeHeapSize                  = 122909434                              {pd product} {ergonomic}
    uintx ProfiledCodeHeapSize                     = 122909434                              {pd product} {ergonomic}
    uintx ReservedCodeCacheSize                    = 251658240                              {pd product} {ergonomic}
     bool SegmentedCodeCache                       = true                                      {product} {ergonomic}
   size_t SoftMaxHeapSize                          = 3980394496                             {manageable} {ergonomic}
     bool UseCompressedOops                        = true                           {product lp64_product} {ergonomic}
     bool UseG1GC                                  = true                                      {product} {ergonomic}
     bool UseLargePagesIndividualAllocation        = false                                  {pd product} {ergonomic}

Logging:
Log output configuration:
 #0: stdout all=warning uptime,level,tags foldmultilines=false
 #1: stderr all=off uptime,level,tags foldmultilines=false

Release file:
JAVA_VERSION="21.0.10" 
MODULES="java.base java.compiler java.datatransfer java.xml java.prefs java.desktop java.instrument java.logging java.management java.security.sasl java.naming java.rmi java.management.rmi java.net.http java.scripting java.security.jgss java.transaction.xa java.sql java.sql.rowset java.xml.crypto java.se java.smartcardio jdk.accessibility jdk.internal.jvmstat jdk.attach jdk.charsets jdk.internal.opt jdk.zipfs jdk.compiler jdk.crypto.ec jdk.crypto.cryptoki jdk.dynalink jdk.hotspot.agent jdk.httpserver jdk.internal.ed jdk.internal.le jdk.internal.vm.ci jdk.jartool jdk.javadoc jdk.jcmd jdk.jdeps jdk.jdwp.agent jdk.jdi jdk.jfr jdk.jlink jdk.jsobject jdk.localedata jdk.management jdk.management.agent jdk.management.jfr jdk.naming.dns jdk.naming.rmi jdk.net jdk.sctp jdk.security.auth jdk.security.jgss jdk.unsupported jdk.unsupported.desktop jdk.xml.dom" 
IMPLEMENTOR="JetBrains s.r.o." 
JAVA_RUNTIME_VERSION="21.0.10+-14961533-b1163.108" 
LIBC="default" 
OS_ARCH="x86_64" 
OS_NAME="Windows" 
SOURCE=".:git:1351622c2ff2" 

Environment Variables:
PATH=C:\Program Files\Common Files\Oracle\Java\javapath;C:\WINDOWS\system32;C:\WINDOWS;C:\WINDOWS\System32\Wbem;C:\WINDOWS\System32\WindowsPowerShell\v1.0\;C:\WINDOWS\System32\OpenSSH\;C:\Program Files\Microsoft SQL Server\150\Tools\Binn\;C:\Program Files\Microsoft SQL Server\Client SDK\ODBC\170\Tools\Binn\;C:\Program Files\dotnet\;C:\Program Files (x86)\Microsoft SQL Server\160\Tools\Binn\;C:\Program Files\Microsoft SQL Server\160\Tools\Binn\;C:\Program Files\Microsoft SQL Server\160\DTS\Binn\;C:\Program Files (x86)\Microsoft SQL Server\160\DTS\Binn\;C:\Program Files\Git LFS;C:\xampp\php;C:\ProgramData\ComposerSetup\bin;C:\Program Files\Git\cmd;C:\Users\edgar\AppData\Local\fnm_multishells\22192_1761354202444;C:\Users\edgar\.local\share\fnm;C:\Users\edgar\AppData\Local\Programs\Python\Python38\Scripts\;C:\Users\edgar\AppData\Local\Programs\Python\Python38\;C:\Users\edgar\.cargo\bin;C:\Users\edgar\AppData\Local\Programs\Python\Launcher\;C:\Users\edgar\AppData\Local\Microsoft\WindowsApps;C:\Users\edgar\.dotnet\tools;C:\Users\edgar\AppData\Local\Programs\Microsoft VS Code\bin;C:\Users\edgar\AppData\Local\GitHubDesktop\bin;C:\Program Files\JetBrains\IntelliJ IDEA 2025.1.1.1\bin;;C:\Users\edgar\AppData\Roaming\Composer\vendor\bin;C:\Users\edgar\AppData\Local\Programs\Warp\bin;C:\Users\edgar\AppData\Local\Programs\Antigravity\bin;C:\Users\edgar\.local\bin;
USERNAME=edgar
OS=Windows_NT
PROCESSOR_IDENTIFIER=AMD64 Family 25 Model 80 Stepping 0, AuthenticAMD
TMP=C:\Users\edgar\AppData\Local\Temp
TEMP=C:\Users\edgar\AppData\Local\Temp




Periodic native trim disabled

JNI global refs:
JNI global refs: 13, weak refs: 5

JNI global refs memory usage: 835, weak refs: 833

Process memory usage:
Resident Set Size: 836276K (5% of 15546744K total physical memory with 1113672K free physical memory)

OOME stack traces (most recent first):
Classloader memory used:
Loader jdk.internal.loader.ClassLoaders$AppClassLoader                                 : 83988K
Loader bootstrap                                                                       : 12780K
Loader java.net.URLClassLoader                                                         : 2581K
Loader jdk.internal.jrtfs.JrtFileSystemProvider$JrtFsLoader                            : 332K
Loader jdk.internal.loader.ClassLoaders$PlatformClassLoader                            : 67880B

Classes loaded by more than one classloader:
Class jdk.internal.jimage.BasicImageReader                                            : loaded 2 times (x 95B)
Class jdk.internal.jimage.decompressor.StringSharingDecompressorFactory               : loaded 2 times (x 74B)
Class jdk.internal.jrtfs.JrtFileSystemProvider                                        : loaded 2 times (x 101B)
Class jdk.internal.jimage.ImageLocation                                               : loaded 2 times (x 90B)
Class jdk.internal.jimage.ImageBufferCache$1                                          : loaded 2 times (x 83B)
Class jdk.internal.jimage.ImageBufferCache$2                                          : loaded 2 times (x 91B)
Class jdk.internal.jimage.ImageHeader                                                 : loaded 2 times (x 71B)
Class jdk.internal.jimage.decompressor.ResourceDecompressor                           : loaded 2 times (x 70B)
Class jdk.internal.jimage.ImageStringsReader                                          : loaded 2 times (x 80B)
Class jdk.internal.jimage.ImageReader                                                 : loaded 2 times (x 75B)
Class jdk.internal.jimage.ImageReader$SharedImageReader                               : loaded 2 times (x 95B)
Class jdk.internal.jimage.decompressor.ResourceDecompressorFactory                    : loaded 2 times (x 74B)
Class jdk.internal.jimage.ImageReader$Node                                            : loaded 2 times (x 84B)
Class jdk.internal.jimage.BasicImageReader$1                                          : loaded 2 times (x 77B)
Class jdk.internal.jimage.decompressor.Decompressor                                   : loaded 2 times (x 72B)
Class jdk.internal.jimage.ImageBufferCache                                            : loaded 2 times (x 71B)
Class jdk.internal.jrtfs.JrtPath                                                      : loaded 2 times (x 118B)
Class jdk.internal.jimage.decompressor.ResourceDecompressorRepository                 : loaded 2 times (x 71B)
Class jdk.internal.jimage.ImageReader$Directory                                       : loaded 2 times (x 84B)
Class jdk.internal.jimage.decompressor.ZipDecompressorFactory                         : loaded 2 times (x 74B)
Class jdk.internal.jimage.decompressor.ZipDecompressor                                : loaded 2 times (x 75B)
Class jdk.internal.jimage.ImageStrings                                                : loaded 2 times (x 70B)
Class jdk.internal.jrtfs.JrtFileSystem                                                : loaded 2 times (x 102B)
Class jdk.internal.jimage.decompressor.CompressedResourceHeader                       : loaded 2 times (x 71B)
Class jdk.internal.jimage.decompressor.ResourceDecompressor$StringsProvider           : loaded 2 times (x 70B)

---------------  S Y S T E M  ---------------

OS:
 Windows 11 , 64 bit Build 26100 (10.0.26100.7623)
OS uptime: 3 days 13:11 hours
Hyper-V role detected

CPU: total 12 (initial active 12) (12 cores per cpu, 2 threads per core) family 25 model 80 stepping 0 microcode 0xa500011, cx8, cmov, fxsr, ht, mmx, 3dnowpref, sse, sse2, sse3, ssse3, sse4a, sse4.1, sse4.2, popcnt, lzcnt, tsc, tscinvbit, avx, avx2, aes, erms, clmul, bmi1, bmi2, adx, sha, fma, vzeroupper, clflush, clflushopt, hv, rdtscp, rdpid, fsrm, f16c, cet_ss
Processor Information for the first 12 processors :
  Max Mhz: 2000, Current Mhz: 2000, Mhz Limit: 2000

Memory: 4k page, system-wide physical 15182M (1087M free)
TotalPageFile size 27264M (AvailPageFile size 31M)
current process WorkingSet (physical memory assigned to process): 816M, peak: 820M
current process commit charge ("private bytes"): 838M, peak: 873M

vm_info: OpenJDK 64-Bit Server VM (21.0.10+-14961533-b1163.108) for windows-amd64 JRE (21.0.10+-14961533-b1163.108), built on 2026-03-02T19:58:50Z by "builder" with MS VC++ 16.10 / 16.11 (VS2019)

END.
