#
# There is insufficient memory for the Java Runtime Environment to continue.
# Native memory allocation (mmap) failed to map 249561088 bytes. Error detail: G1 virtual space
# Possible reasons:
#   The system is out of physical RAM or swap space
#   This process is running with CompressedOops enabled, and the Java Heap may be blocking the growth of the native heap
# Possible solutions:
#   Reduce memory load on the system
#   Increase physical memory or swap space
#   Check if swap backing store is full
#   Decrease Java heap size (-Xmx/-Xms)
#   Decrease number of Java threads
#   Decrease Java thread stack sizes (-Xss)
#   Set larger code cache with -XX:ReservedCodeCacheSize=
#   JVM is running with Zero Based Compressed Oops mode in which the Java heap is
#     placed in the first 32GB address space. The Java Heap base address is the
#     maximum limit for the native heap growth. Please use -XX:HeapBaseMinAddress
#     to set the Java Heap base and to place the Java Heap above 32GB virtual address.
# This output file may be truncated or incomplete.
#
#  Out of Memory Error (os_windows.cpp:3707), pid=7144, tid=40400
#
# JRE version:  (23.0.2+7) (build )
# Java VM: Java HotSpot(TM) 64-Bit Server VM (23.0.2+7-58, mixed mode, sharing, tiered, compressed oops, compressed class ptrs, g1 gc, windows-amd64)
# No core dump will be written. Minidumps are not enabled by default on client versions of Windows
#

---------------  S U M M A R Y ------------

Command Line: 

Host: AMD Ryzen 5 7530U with Radeon Graphics         , 12 cores, 14G,  Windows 11 , 64 bit Build 26100 (10.0.26100.7623)
Time: Sun May 10 00:00:17 2026 Hora est嫕dar central (M憖ico) elapsed time: 0.222430 seconds (0d 0h 0m 0s)

---------------  T H R E A D  ---------------

Current thread (0x0000020699899800):  JavaThread "Unknown thread" [_thread_in_vm, id=40400, stack(0x000000695c500000,0x000000695c600000) (1024K)]

Stack: [0x000000695c500000,0x000000695c600000]
Native frames: (J=compiled Java code, j=interpreted, Vv=VM code, C=native code)
V  [jvm.dll+0x6e0b99]  (no source info available)
V  [jvm.dll+0x87e2b3]  (no source info available)
V  [jvm.dll+0x88073e]  (no source info available)
V  [jvm.dll+0x880e13]  (no source info available)
V  [jvm.dll+0x27b006]  (no source info available)
V  [jvm.dll+0x6dd485]  (no source info available)
V  [jvm.dll+0x6d127a]  (no source info available)
V  [jvm.dll+0x35b50a]  (no source info available)
V  [jvm.dll+0x363916]  (no source info available)
V  [jvm.dll+0x34fe7e]  (no source info available)
V  [jvm.dll+0x350118]  (no source info available)
V  [jvm.dll+0x328aec]  (no source info available)
V  [jvm.dll+0x32978e]  (no source info available)
V  [jvm.dll+0x8449a5]  (no source info available)
V  [jvm.dll+0x3b9a08]  (no source info available)
V  [jvm.dll+0x82d68c]  (no source info available)
V  [jvm.dll+0x454f2e]  (no source info available)
V  [jvm.dll+0x456db1]  (no source info available)
C  [jli.dll+0x52a3]  (no source info available)
C  [ucrtbase.dll+0x37b0]  (no source info available)
C  [KERNEL32.DLL+0x2e8d7]  (no source info available)
C  [ntdll.dll+0x8c53c]  (no source info available)

Lock stack of current Java thread (top to bottom):


---------------  P R O C E S S  ---------------

Threads class SMR info:
_java_thread_list=0x00007ffd6ebd4618, length=0, elements={
}

Java Threads: ( => current thread )
Total: 0

Other Threads:
  0x00000206998fbb90 WorkerThread "GC Thread#0"                     [id=40864, stack(0x000000695c600000,0x000000695c700000) (1024K)]
  0x0000020699910480 ConcurrentGCThread "G1 Main Marker"            [id=13436, stack(0x000000695c700000,0x000000695c800000) (1024K)]
  0x00000206999132a0 WorkerThread "G1 Conc#0"                       [id=24400, stack(0x000000695c800000,0x000000695c900000) (1024K)]

[error occurred during error reporting (printing all threads), id 0xc0000005, EXCEPTION_ACCESS_VIOLATION (0xc0000005) at pc=0x00007ffd6e31c0da]
VM state: not at safepoint (not fully initialized)

VM Mutex/Monitor currently owned by a thread:  ([mutex/lock_event])
[0x00007ffd6ec54988] Heap_lock - owner thread: 0x0000020699899800

Heap address: 0x0000000712c00000, size: 3796 MB, Compressed Oops mode: Zero based, Oop shift amount: 3

CDS archive(s) mapped at: [0x0000000000000000-0x0000000000000000-0x0000000000000000), size 0, SharedBaseAddress: 0x0000000800000000, ArchiveRelocationMode: 1.
Narrow klass base: 0x0000000000000000, Narrow klass shift: 0, Narrow klass range: 0x0

GC Precious Log:
 CardTable entry size: 512
 Card Set container configuration: InlinePtr #cards 4 size 8 Array Of Cards #cards 16 size 48 Howl #buckets 8 coarsen threshold 3686 Howl Bitmap #cards 512 size 80 coarsen threshold 460 Card regions per heap region 1 cards per card region 4096

Heap:
 garbage-first heap   total reserved 3887104K, committed 0K, used 0K [0x0000000712c00000, 0x0000000800000000)
  region size 2048K, 0 young (0K), 0 survivors (0K)

[error occurred during error reporting (printing heap information), id 0xc0000005, EXCEPTION_ACCESS_VIOLATION (0xc0000005) at pc=0x00007ffd6e71c6a9]
GC Heap History (0 events):
No events

Dll operation events (1 events):
Event: 0.127 Loaded shared library C:\Program Files\Java\jdk-23\bin\java.dll

Deoptimization events (0 events):
No events

Classes loaded (0 events):
No events

Classes unloaded (0 events):
No events

Classes redefined (0 events):
No events

Internal exceptions (0 events):
No events

VM Operations (0 events):
No events

Memory protections (0 events):
No events

Nmethod flushes (0 events):
No events

Events (0 events):
No events


Dynamic libraries:
0x00007ff70fcb0000 - 0x00007ff70fcc0000 	C:\Program Files\Java\jdk-23\bin\java.exe
0x00007ffe0acc0000 - 0x00007ffe0af27000 	C:\WINDOWS\SYSTEM32\ntdll.dll
0x00007ffe0a020000 - 0x00007ffe0a0e9000 	C:\WINDOWS\System32\KERNEL32.DLL
0x00007ffe07e10000 - 0x00007ffe081ff000 	C:\WINDOWS\System32\KERNELBASE.dll
0x00007ffe08590000 - 0x00007ffe086db000 	C:\WINDOWS\System32\ucrtbase.dll
0x00007ffdfa900000 - 0x00007ffdfa917000 	C:\Program Files\Java\jdk-23\bin\jli.dll
0x00007ffe08c60000 - 0x00007ffe08e25000 	C:\WINDOWS\System32\USER32.dll
0x00007ffe08560000 - 0x00007ffe08587000 	C:\WINDOWS\System32\win32u.dll
0x00007ffe091b0000 - 0x00007ffe091db000 	C:\WINDOWS\System32\GDI32.dll
0x00007ffe08370000 - 0x00007ffe0849c000 	C:\WINDOWS\System32\gdi32full.dll
0x00007ffe08210000 - 0x00007ffe082b3000 	C:\WINDOWS\System32\msvcp_win.dll
0x00007ffded1a0000 - 0x00007ffded433000 	C:\WINDOWS\WinSxS\amd64_microsoft.windows.common-controls_6595b64144ccf1df_6.0.26100.7309_none_3e05feeae336a044\COMCTL32.dll
0x00007ffe091e0000 - 0x00007ffe09289000 	C:\WINDOWS\System32\msvcrt.dll
0x00007ffdfa100000 - 0x00007ffdfa11b000 	C:\Program Files\Java\jdk-23\bin\VCRUNTIME140.dll
0x00007ffe09050000 - 0x00007ffe09081000 	C:\WINDOWS\System32\IMM32.DLL
0x00007ffe02510000 - 0x00007ffe0251c000 	C:\Program Files\Java\jdk-23\bin\vcruntime140_1.dll
0x00007ffdf6c50000 - 0x00007ffdf6cde000 	C:\Program Files\Java\jdk-23\bin\msvcp140.dll
0x00007ffd6dfe0000 - 0x00007ffd6ed30000 	C:\Program Files\Java\jdk-23\bin\server\jvm.dll
0x00007ffe09800000 - 0x00007ffe098b4000 	C:\WINDOWS\System32\ADVAPI32.dll
0x00007ffe0ab40000 - 0x00007ffe0abe6000 	C:\WINDOWS\System32\sechost.dll
0x00007ffe09090000 - 0x00007ffe091a8000 	C:\WINDOWS\System32\RPCRT4.dll
0x00007ffe08b70000 - 0x00007ffe08be4000 	C:\WINDOWS\System32\WS2_32.dll
0x00007ffe01360000 - 0x00007ffe01395000 	C:\WINDOWS\SYSTEM32\WINMM.dll
0x00007ffe07c70000 - 0x00007ffe07cce000 	C:\WINDOWS\SYSTEM32\POWRPROF.dll
0x00007ffe058f0000 - 0x00007ffe058fb000 	C:\WINDOWS\SYSTEM32\VERSION.dll
0x00007ffe07c50000 - 0x00007ffe07c64000 	C:\WINDOWS\SYSTEM32\UMPDC.dll
0x00007ffe06bc0000 - 0x00007ffe06bdb000 	C:\WINDOWS\SYSTEM32\kernel.appcore.dll
0x00007ffdfe050000 - 0x00007ffdfe05a000 	C:\Program Files\Java\jdk-23\bin\jimage.dll
0x00007ffe04930000 - 0x00007ffe04b72000 	C:\WINDOWS\SYSTEM32\DBGHELP.DLL
0x00007ffe0a7b0000 - 0x00007ffe0ab36000 	C:\WINDOWS\System32\combase.dll
0x00007ffe09290000 - 0x00007ffe09366000 	C:\WINDOWS\System32\OLEAUT32.dll
0x00007ffde6ec0000 - 0x00007ffde6efc000 	C:\WINDOWS\SYSTEM32\dbgcore.DLL
0x00007ffe082c0000 - 0x00007ffe08365000 	C:\WINDOWS\System32\bcryptPrimitives.dll
0x00007ffdf8ab0000 - 0x00007ffdf8ace000 	C:\Program Files\Java\jdk-23\bin\java.dll
0x00007ffe0a5f0000 - 0x00007ffe0a787000 	C:\WINDOWS\System32\ole32.dll
0x00007ffe098c0000 - 0x00007ffe0a013000 	C:\WINDOWS\System32\SHELL32.dll
0x00007ffe086e0000 - 0x00007ffe0884a000 	C:\WINDOWS\System32\wintypes.dll

dbghelp: loaded successfully - version: 4.0.5 - missing functions: none
symbol engine: initialized successfully - sym options: 0x614 - pdb path: .;C:\Program Files\Java\jdk-23\bin;C:\WINDOWS\SYSTEM32;C:\WINDOWS\WinSxS\amd64_microsoft.windows.common-controls_6595b64144ccf1df_6.0.26100.7309_none_3e05feeae336a044;C:\Program Files\Java\jdk-23\bin\server

VM Arguments:
java_command: <unknown>
java_class_path (initial): <not set>
Launcher Type: SUN_STANDARD

[Global flags]
     intx CICompilerCount                          = 4                                         {product} {ergonomic}
     uint ConcGCThreads                            = 3                                         {product} {ergonomic}
     uint G1ConcRefinementThreads                  = 10                                        {product} {ergonomic}
   size_t G1HeapRegionSize                         = 2097152                                   {product} {ergonomic}
   size_t InitialHeapSize                          = 249561088                                 {product} {ergonomic}
   size_t MarkStackSize                            = 4194304                                   {product} {ergonomic}
   size_t MarkStackSizeMax                         = 536870912                                 {product} {ergonomic}
   size_t MaxHeapSize                              = 3980394496                                {product} {ergonomic}
   size_t MinHeapDeltaBytes                        = 2097152                                   {product} {ergonomic}
   size_t MinHeapSize                              = 8388608                                   {product} {ergonomic}
    uintx NonNMethodCodeHeapSize                   = 5832704                                {pd product} {ergonomic}
    uintx NonProfiledCodeHeapSize                  = 122945536                              {pd product} {ergonomic}
    uintx ProfiledCodeHeapSize                     = 122880000                              {pd product} {ergonomic}
    uintx ReservedCodeCacheSize                    = 251658240                              {pd product} {ergonomic}
     bool SegmentedCodeCache                       = true                                      {product} {ergonomic}
   size_t SoftMaxHeapSize                          = 3980394496                             {manageable} {ergonomic}
     bool UseCompressedOops                        = true                           {product lp64_product} {ergonomic}
     bool UseG1GC                                  = true                                      {product} {ergonomic}
     bool UseLargePagesIndividualAllocation        = false                                  {pd product} {ergonomic}

Logging:
Log output configuration:
 #0: stdout all=warning uptime,level,tags foldmultilines=false
 #1: stderr all=off uptime,level,tags foldmultilines=false

Environment Variables:
PATH=C:\Program Files\Common Files\Oracle\Java\javapath;C:\WINDOWS\system32;C:\WINDOWS;C:\WINDOWS\System32\Wbem;C:\WINDOWS\System32\WindowsPowerShell\v1.0\;C:\WINDOWS\System32\OpenSSH\;C:\Program Files\Microsoft SQL Server\150\Tools\Binn\;C:\Program Files\Microsoft SQL Server\Client SDK\ODBC\170\Tools\Binn\;C:\Program Files\dotnet\;C:\Program Files (x86)\Microsoft SQL Server\160\Tools\Binn\;C:\Program Files\Microsoft SQL Server\160\Tools\Binn\;C:\Program Files\Microsoft SQL Server\160\DTS\Binn\;C:\Program Files (x86)\Microsoft SQL Server\160\DTS\Binn\;C:\Program Files\Git LFS;C:\xampp\php;C:\ProgramData\ComposerSetup\bin;C:\Program Files\Git\cmd;C:\Users\edgar\AppData\Local\fnm_multishells\22192_1761354202444;C:\Users\edgar\.local\share\fnm;C:\Users\edgar\AppData\Local\Programs\Python\Python38\Scripts\;C:\Users\edgar\AppData\Local\Programs\Python\Python38\;C:\Users\edgar\.cargo\bin;C:\Users\edgar\AppData\Local\Programs\Python\Launcher\;C:\Users\edgar\AppData\Local\Microsoft\WindowsApps;C:\Users\edgar\.dotnet\tools;C:\Users\edgar\AppData\Local\Programs\Microsoft VS Code\bin;C:\Users\edgar\AppData\Local\GitHubDesktop\bin;C:\Program Files\JetBrains\IntelliJ IDEA 2025.1.1.1\bin;;C:\Users\edgar\AppData\Roaming\Composer\vendor\bin;C:\Users\edgar\AppData\Local\Programs\Warp\bin;C:\Users\edgar\AppData\Local\Programs\Antigravity\bin;C:\Users\edgar\.local\bin;
USERNAME=edgar
OS=Windows_NT
PROCESSOR_IDENTIFIER=AMD64 Family 25 Model 80 Stepping 0, AuthenticAMD
TMP=C:\Users\edgar\AppData\Local\Temp
TEMP=C:\Users\edgar\AppData\Local\Temp




Periodic native trim disabled

---------------  S Y S T E M  ---------------

OS:
 Windows 11 , 64 bit Build 26100 (10.0.26100.7623)
OS uptime: 3 days 13:18 hours
Hyper-V role detected

CPU: total 12 (initial active 12) (12 cores per cpu, 2 threads per core) family 25 model 80 stepping 0 microcode 0xa500011, cx8, cmov, fxsr, ht, mmx, 3dnowpref, sse, sse2, sse3, ssse3, sse4a, sse4.1, sse4.2, popcnt, lzcnt, tsc, tscinvbit, avx, avx2, aes, erms, clmul, bmi1, bmi2, adx, sha, fma, vzeroupper, clflush, clflushopt, hv, rdtscp, rdpid, fsrm, f16c, cet_ss
Processor Information for the first 12 processors :
  Max Mhz: 2000, Current Mhz: 2000, Mhz Limit: 2000

Memory: 4k page, system-wide physical 15182M (1232M free)
TotalPageFile size 27264M (AvailPageFile size 172M)
current process WorkingSet (physical memory assigned to process): 13M, peak: 13M
current process commit charge ("private bytes"): 65M, peak: 302M

vm_info: Java HotSpot(TM) 64-Bit Server VM (23.0.2+7-58) for windows-amd64 JRE (23.0.2+7-58), built on 2024-11-29T09:34:55Z with MS VC++ 17.6 (VS2022)

END.
